{"/home/robert/kali-defense-mcp-server/src/core/auto-installer.ts": {"path":"/home/robert/kali-defense-mcp-server/src/core/auto-installer.ts","statementMap":{"0":{"start":{"line":61,"column":50},"end":{"line":71,"column":null}},"1":{"start":{"line":80,"column":29},"end":{"line":90,"column":null}},"2":{"start":{"line":97,"column":29},"end":{"line":102,"column":null}},"3":{"start":{"line":106,"column":68},"end":{"line":112,"column":null}},"4":{"start":{"line":107,"column":19},"end":{"line":107,"column":null}},"5":{"start":{"line":108,"column":17},"end":{"line":108,"column":null}},"6":{"start":{"line":109,"column":17},"end":{"line":109,"column":null}},"7":{"start":{"line":110,"column":17},"end":{"line":110,"column":null}},"8":{"start":{"line":111,"column":19},"end":{"line":111,"column":null}},"9":{"start":{"line":121,"column":19},"end":{"line":121,"column":null}},"10":{"start":{"line":122,"column":2},"end":{"line":127,"column":null}},"11":{"start":{"line":123,"column":17},"end":{"line":123,"column":null}},"12":{"start":{"line":124,"column":4},"end":{"line":126,"column":null}},"13":{"start":{"line":125,"column":6},"end":{"line":125,"column":null}},"14":{"start":{"line":125,"column":17},"end":{"line":125,"column":null}},"15":{"start":{"line":128,"column":2},"end":{"line":128,"column":null}},"16":{"start":{"line":131,"column":44},"end":{"line":131,"column":null}},"17":{"start":{"line":135,"column":2},"end":{"line":137,"column":null}},"18":{"start":{"line":136,"column":4},"end":{"line":136,"column":null}},"19":{"start":{"line":138,"column":2},"end":{"line":138,"column":null}},"20":{"start":{"line":150,"column":2},"end":{"line":150,"column":null}},"21":{"start":{"line":158,"column":2},"end":{"line":158,"column":null}},"22":{"start":{"line":164,"column":57},"end":{"line":164,"column":null}},"23":{"start":{"line":167,"column":2},"end":{"line":172,"column":null}},"24":{"start":{"line":168,"column":4},"end":{"line":168,"column":null}},"25":{"start":{"line":169,"column":4},"end":{"line":171,"column":null}},"26":{"start":{"line":170,"column":6},"end":{"line":170,"column":null}},"27":{"start":{"line":173,"column":2},"end":{"line":173,"column":null}},"28":{"start":{"line":179,"column":2},"end":{"line":179,"column":null}},"29":{"start":{"line":194,"column":18},"end":{"line":194,"column":null}},"30":{"start":{"line":195,"column":8},"end":{"line":195,"column":null}},"31":{"start":{"line":197,"column":2},"end":{"line":252,"column":null}},"32":{"start":{"line":199,"column":10},"end":{"line":199,"column":null}},"33":{"start":{"line":200,"column":25},"end":{"line":200,"column":null}},"34":{"start":{"line":202,"column":20},"end":{"line":202,"column":null}},"35":{"start":{"line":203,"column":24},"end":{"line":203,"column":null}},"36":{"start":{"line":205,"column":20},"end":{"line":205,"column":null}},"37":{"start":{"line":208,"column":4},"end":{"line":212,"column":null}},"38":{"start":{"line":209,"column":22},"end":{"line":209,"column":null}},"39":{"start":{"line":210,"column":6},"end":{"line":210,"column":null}},"40":{"start":{"line":211,"column":6},"end":{"line":211,"column":null}},"41":{"start":{"line":214,"column":4},"end":{"line":233,"column":null}},"42":{"start":{"line":215,"column":12},"end":{"line":221,"column":null}},"43":{"start":{"line":222,"column":6},"end":{"line":222,"column":null}},"44":{"start":{"line":224,"column":22},"end":{"line":224,"column":null}},"45":{"start":{"line":225,"column":6},"end":{"line":229,"column":null}},"46":{"start":{"line":232,"column":6},"end":{"line":232,"column":null}},"47":{"start":{"line":232,"column":20},"end":{"line":232,"column":null}},"48":{"start":{"line":236,"column":4},"end":{"line":251,"column":null}},"49":{"start":{"line":237,"column":12},"end":{"line":242,"column":null}},"50":{"start":{"line":243,"column":6},"end":{"line":243,"column":null}},"51":{"start":{"line":245,"column":22},"end":{"line":245,"column":null}},"52":{"start":{"line":246,"column":6},"end":{"line":250,"column":null}},"53":{"start":{"line":264,"column":2},"end":{"line":280,"column":null}},"54":{"start":{"line":265,"column":10},"end":{"line":271,"column":null}},"55":{"start":{"line":272,"column":4},"end":{"line":272,"column":null}},"56":{"start":{"line":274,"column":20},"end":{"line":274,"column":null}},"57":{"start":{"line":275,"column":4},"end":{"line":279,"column":null}},"58":{"start":{"line":286,"column":2},"end":{"line":295,"column":null}},"59":{"start":{"line":287,"column":4},"end":{"line":291,"column":null}},"60":{"start":{"line":292,"column":4},"end":{"line":292,"column":null}},"61":{"start":{"line":294,"column":4},"end":{"line":294,"column":null}},"62":{"start":{"line":304,"column":2},"end":{"line":322,"column":null}},"63":{"start":{"line":306,"column":6},"end":{"line":306,"column":null}},"64":{"start":{"line":308,"column":6},"end":{"line":308,"column":null}},"65":{"start":{"line":310,"column":6},"end":{"line":310,"column":null}},"66":{"start":{"line":312,"column":6},"end":{"line":312,"column":null}},"67":{"start":{"line":314,"column":6},"end":{"line":314,"column":null}},"68":{"start":{"line":316,"column":6},"end":{"line":316,"column":null}},"69":{"start":{"line":319,"column":6},"end":{"line":319,"column":null}},"70":{"start":{"line":321,"column":6},"end":{"line":321,"column":null}},"71":{"start":{"line":328,"column":51},"end":{"line":328,"column":null}},"72":{"start":{"line":329,"column":43},"end":{"line":329,"column":null}},"73":{"start":{"line":333,"column":4},"end":{"line":341,"column":null}},"74":{"start":{"line":334,"column":6},"end":{"line":334,"column":null}},"75":{"start":{"line":336,"column":6},"end":{"line":340,"column":null}},"76":{"start":{"line":337,"column":8},"end":{"line":339,"column":null}},"77":{"start":{"line":342,"column":4},"end":{"line":342,"column":null}},"78":{"start":{"line":350,"column":4},"end":{"line":350,"column":null}},"79":{"start":{"line":355,"column":4},"end":{"line":355,"column":null}},"80":{"start":{"line":371,"column":40},"end":{"line":371,"column":null}},"81":{"start":{"line":374,"column":4},"end":{"line":424,"column":null}},"82":{"start":{"line":375,"column":25},"end":{"line":380,"column":null}},"83":{"start":{"line":382,"column":6},"end":{"line":390,"column":null}},"84":{"start":{"line":383,"column":8},"end":{"line":389,"column":null}},"85":{"start":{"line":391,"column":6},"end":{"line":399,"column":null}},"86":{"start":{"line":392,"column":8},"end":{"line":398,"column":null}},"87":{"start":{"line":400,"column":6},"end":{"line":408,"column":null}},"88":{"start":{"line":401,"column":8},"end":{"line":407,"column":null}},"89":{"start":{"line":409,"column":6},"end":{"line":417,"column":null}},"90":{"start":{"line":410,"column":8},"end":{"line":416,"column":null}},"91":{"start":{"line":419,"column":6},"end":{"line":423,"column":null}},"92":{"start":{"line":426,"column":4},"end":{"line":432,"column":null}},"93":{"start":{"line":435,"column":4},"end":{"line":438,"column":null}},"94":{"start":{"line":436,"column":21},"end":{"line":436,"column":null}},"95":{"start":{"line":437,"column":6},"end":{"line":437,"column":null}},"96":{"start":{"line":441,"column":4},"end":{"line":444,"column":null}},"97":{"start":{"line":442,"column":21},"end":{"line":442,"column":null}},"98":{"start":{"line":443,"column":6},"end":{"line":443,"column":null}},"99":{"start":{"line":447,"column":4},"end":{"line":450,"column":null}},"100":{"start":{"line":448,"column":21},"end":{"line":448,"column":null}},"101":{"start":{"line":449,"column":6},"end":{"line":449,"column":null}},"102":{"start":{"line":453,"column":4},"end":{"line":456,"column":null}},"103":{"start":{"line":454,"column":21},"end":{"line":454,"column":null}},"104":{"start":{"line":455,"column":6},"end":{"line":455,"column":null}},"105":{"start":{"line":459,"column":23},"end":{"line":461,"column":null}},"106":{"start":{"line":460,"column":21},"end":{"line":460,"column":31}},"107":{"start":{"line":461,"column":18},"end":{"line":461,"column":30}},"108":{"start":{"line":463,"column":24},"end":{"line":463,"column":null}},"109":{"start":{"line":466,"column":22},"end":{"line":466,"column":null}},"110":{"start":{"line":466,"column":46},"end":{"line":466,"column":55}},"111":{"start":{"line":467,"column":19},"end":{"line":467,"column":null}},"112":{"start":{"line":467,"column":43},"end":{"line":467,"column":79}},"113":{"start":{"line":469,"column":4},"end":{"line":474,"column":null}},"114":{"start":{"line":470,"column":6},"end":{"line":473,"column":null}},"115":{"start":{"line":476,"column":4},"end":{"line":476,"column":null}},"116":{"start":{"line":487,"column":18},"end":{"line":487,"column":null}},"117":{"start":{"line":488,"column":19},"end":{"line":488,"column":null}},"118":{"start":{"line":490,"column":4},"end":{"line":499,"column":null}},"119":{"start":{"line":491,"column":6},"end":{"line":498,"column":null}},"120":{"start":{"line":502,"column":19},"end":{"line":502,"column":null}},"121":{"start":{"line":503,"column":20},"end":{"line":503,"column":null}},"122":{"start":{"line":505,"column":4},"end":{"line":518,"column":null}},"123":{"start":{"line":507,"column":6},"end":{"line":509,"column":null}},"124":{"start":{"line":510,"column":6},"end":{"line":517,"column":null}},"125":{"start":{"line":522,"column":7},"end":{"line":524,"column":null}},"126":{"start":{"line":526,"column":4},"end":{"line":538,"column":null}},"127":{"start":{"line":527,"column":6},"end":{"line":529,"column":null}},"128":{"start":{"line":530,"column":6},"end":{"line":537,"column":null}},"129":{"start":{"line":541,"column":4},"end":{"line":553,"column":null}},"130":{"start":{"line":542,"column":6},"end":{"line":544,"column":null}},"131":{"start":{"line":545,"column":6},"end":{"line":552,"column":null}},"132":{"start":{"line":556,"column":4},"end":{"line":568,"column":null}},"133":{"start":{"line":557,"column":6},"end":{"line":559,"column":null}},"134":{"start":{"line":560,"column":6},"end":{"line":567,"column":null}},"135":{"start":{"line":570,"column":4},"end":{"line":572,"column":null}},"136":{"start":{"line":575,"column":24},"end":{"line":575,"column":null}},"137":{"start":{"line":576,"column":4},"end":{"line":585,"column":null}},"138":{"start":{"line":577,"column":6},"end":{"line":584,"column":null}},"139":{"start":{"line":588,"column":20},"end":{"line":588,"column":null}},"140":{"start":{"line":589,"column":19},"end":{"line":589,"column":null}},"141":{"start":{"line":591,"column":4},"end":{"line":604,"column":null}},"142":{"start":{"line":592,"column":12},"end":{"line":592,"column":null}},"143":{"start":{"line":593,"column":6},"end":{"line":595,"column":null}},"144":{"start":{"line":596,"column":6},"end":{"line":603,"column":null}},"145":{"start":{"line":607,"column":22},"end":{"line":607,"column":null}},"146":{"start":{"line":608,"column":10},"end":{"line":608,"column":null}},"147":{"start":{"line":610,"column":4},"end":{"line":628,"column":null}},"148":{"start":{"line":611,"column":6},"end":{"line":613,"column":null}},"149":{"start":{"line":615,"column":6},"end":{"line":623,"column":null}},"150":{"start":{"line":625,"column":6},"end":{"line":627,"column":null}},"151":{"start":{"line":630,"column":4},"end":{"line":639,"column":null}},"152":{"start":{"line":651,"column":18},"end":{"line":651,"column":null}},"153":{"start":{"line":654,"column":16},"end":{"line":654,"column":null}},"154":{"start":{"line":656,"column":4},"end":{"line":666,"column":null}},"155":{"start":{"line":657,"column":6},"end":{"line":657,"column":null}},"156":{"start":{"line":658,"column":6},"end":{"line":665,"column":null}},"157":{"start":{"line":669,"column":4},"end":{"line":681,"column":null}},"158":{"start":{"line":670,"column":6},"end":{"line":672,"column":null}},"159":{"start":{"line":673,"column":6},"end":{"line":680,"column":null}},"160":{"start":{"line":684,"column":4},"end":{"line":696,"column":null}},"161":{"start":{"line":685,"column":6},"end":{"line":687,"column":null}},"162":{"start":{"line":688,"column":6},"end":{"line":695,"column":null}},"163":{"start":{"line":698,"column":4},"end":{"line":698,"column":null}},"164":{"start":{"line":701,"column":17},"end":{"line":701,"column":null}},"165":{"start":{"line":703,"column":4},"end":{"line":709,"column":null}},"166":{"start":{"line":705,"column":6},"end":{"line":707,"column":null}},"167":{"start":{"line":708,"column":6},"end":{"line":708,"column":null}},"168":{"start":{"line":711,"column":4},"end":{"line":724,"column":null}},"169":{"start":{"line":712,"column":12},"end":{"line":712,"column":null}},"170":{"start":{"line":713,"column":6},"end":{"line":715,"column":null}},"171":{"start":{"line":716,"column":6},"end":{"line":723,"column":null}},"172":{"start":{"line":727,"column":23},"end":{"line":727,"column":null}},"173":{"start":{"line":728,"column":19},"end":{"line":728,"column":null}},"174":{"start":{"line":729,"column":25},"end":{"line":729,"column":null}},"175":{"start":{"line":731,"column":10},"end":{"line":731,"column":null}},"176":{"start":{"line":733,"column":4},"end":{"line":749,"column":null}},"177":{"start":{"line":734,"column":6},"end":{"line":734,"column":null}},"178":{"start":{"line":736,"column":6},"end":{"line":744,"column":null}},"179":{"start":{"line":746,"column":6},"end":{"line":748,"column":null}},"180":{"start":{"line":751,"column":4},"end":{"line":760,"column":null}},"181":{"start":{"line":771,"column":18},"end":{"line":771,"column":null}},"182":{"start":{"line":773,"column":4},"end":{"line":783,"column":null}},"183":{"start":{"line":774,"column":6},"end":{"line":774,"column":null}},"184":{"start":{"line":775,"column":6},"end":{"line":782,"column":null}},"185":{"start":{"line":786,"column":4},"end":{"line":798,"column":null}},"186":{"start":{"line":787,"column":6},"end":{"line":789,"column":null}},"187":{"start":{"line":790,"column":6},"end":{"line":797,"column":null}},"188":{"start":{"line":801,"column":4},"end":{"line":813,"column":null}},"189":{"start":{"line":802,"column":6},"end":{"line":804,"column":null}},"190":{"start":{"line":805,"column":6},"end":{"line":812,"column":null}},"191":{"start":{"line":815,"column":4},"end":{"line":815,"column":null}},"192":{"start":{"line":818,"column":17},"end":{"line":818,"column":null}},"193":{"start":{"line":820,"column":4},"end":{"line":826,"column":null}},"194":{"start":{"line":822,"column":6},"end":{"line":824,"column":null}},"195":{"start":{"line":825,"column":6},"end":{"line":825,"column":null}},"196":{"start":{"line":828,"column":10},"end":{"line":828,"column":null}},"197":{"start":{"line":830,"column":4},"end":{"line":842,"column":null}},"198":{"start":{"line":831,"column":6},"end":{"line":833,"column":null}},"199":{"start":{"line":834,"column":6},"end":{"line":841,"column":null}},"200":{"start":{"line":845,"column":22},"end":{"line":845,"column":null}},"201":{"start":{"line":847,"column":4},"end":{"line":854,"column":null}},"202":{"start":{"line":848,"column":6},"end":{"line":848,"column":null}},"203":{"start":{"line":851,"column":6},"end":{"line":853,"column":null}},"204":{"start":{"line":857,"column":4},"end":{"line":865,"column":null}},"205":{"start":{"line":867,"column":4},"end":{"line":877,"column":null}},"206":{"start":{"line":888,"column":18},"end":{"line":888,"column":null}},"207":{"start":{"line":889,"column":19},"end":{"line":889,"column":null}},"208":{"start":{"line":891,"column":4},"end":{"line":900,"column":null}},"209":{"start":{"line":892,"column":6},"end":{"line":899,"column":null}},"210":{"start":{"line":902,"column":4},"end":{"line":904,"column":null}},"211":{"start":{"line":907,"column":22},"end":{"line":907,"column":null}},"212":{"start":{"line":908,"column":23},"end":{"line":908,"column":null}},"213":{"start":{"line":910,"column":20},"end":{"line":910,"column":null}},"214":{"start":{"line":911,"column":20},"end":{"line":911,"column":null}},"215":{"start":{"line":913,"column":4},"end":{"line":946,"column":null}},"216":{"start":{"line":915,"column":6},"end":{"line":920,"column":null}},"217":{"start":{"line":916,"column":8},"end":{"line":918,"column":null}},"218":{"start":{"line":919,"column":8},"end":{"line":919,"column":null}},"219":{"start":{"line":922,"column":26},"end":{"line":922,"column":null}},"220":{"start":{"line":923,"column":6},"end":{"line":923,"column":null}},"221":{"start":{"line":923,"column":36},"end":{"line":923,"column":null}},"222":{"start":{"line":925,"column":22},"end":{"line":925,"column":null}},"223":{"start":{"line":926,"column":21},"end":{"line":926,"column":null}},"224":{"start":{"line":928,"column":6},"end":{"line":944,"column":null}},"225":{"start":{"line":929,"column":8},"end":{"line":929,"column":null}},"226":{"start":{"line":930,"column":8},"end":{"line":932,"column":null}},"227":{"start":{"line":934,"column":8},"end":{"line":942,"column":null}},"228":{"start":{"line":943,"column":8},"end":{"line":943,"column":null}},"229":{"start":{"line":945,"column":6},"end":{"line":945,"column":null}},"230":{"start":{"line":948,"column":4},"end":{"line":961,"column":null}},"231":{"start":{"line":949,"column":12},"end":{"line":949,"column":null}},"232":{"start":{"line":950,"column":6},"end":{"line":952,"column":null}},"233":{"start":{"line":953,"column":6},"end":{"line":960,"column":null}},"234":{"start":{"line":964,"column":21},"end":{"line":964,"column":null}},"235":{"start":{"line":965,"column":10},"end":{"line":965,"column":null}},"236":{"start":{"line":967,"column":4},"end":{"line":975,"column":null}},"237":{"start":{"line":968,"column":6},"end":{"line":970,"column":null}},"238":{"start":{"line":972,"column":6},"end":{"line":974,"column":null}},"239":{"start":{"line":977,"column":4},"end":{"line":987,"column":null}},"240":{"start":{"line":996,"column":4},"end":{"line":998,"column":null}},"241":{"start":{"line":997,"column":6},"end":{"line":997,"column":null}},"242":{"start":{"line":999,"column":4},"end":{"line":999,"column":null}},"243":{"start":{"line":1007,"column":4},"end":{"line":1010,"column":null}},"244":{"start":{"line":1008,"column":24},"end":{"line":1008,"column":null}},"245":{"start":{"line":1009,"column":6},"end":{"line":1009,"column":null}},"246":{"start":{"line":1009,"column":29},"end":{"line":1009,"column":null}},"247":{"start":{"line":1013,"column":4},"end":{"line":1020,"column":null}},"248":{"start":{"line":1014,"column":29},"end":{"line":1014,"column":null}},"249":{"start":{"line":1015,"column":6},"end":{"line":1017,"column":null}},"250":{"start":{"line":1016,"column":8},"end":{"line":1016,"column":null}},"251":{"start":{"line":1022,"column":4},"end":{"line":1022,"column":null}}},"fnMap":{"0":{"name":"(anonymous_0)","decl":{"start":{"line":107,"column":10},"end":{"line":107,"column":11}},"loc":{"start":{"line":107,"column":19},"end":{"line":107,"column":null}},"line":107},"1":{"name":"(anonymous_1)","decl":{"start":{"line":108,"column":8},"end":{"line":108,"column":9}},"loc":{"start":{"line":108,"column":17},"end":{"line":108,"column":null}},"line":108},"2":{"name":"(anonymous_2)","decl":{"start":{"line":109,"column":8},"end":{"line":109,"column":9}},"loc":{"start":{"line":109,"column":17},"end":{"line":109,"column":null}},"line":109},"3":{"name":"(anonymous_3)","decl":{"start":{"line":110,"column":8},"end":{"line":110,"column":9}},"loc":{"start":{"line":110,"column":17},"end":{"line":110,"column":null}},"line":110},"4":{"name":"(anonymous_4)","decl":{"start":{"line":111,"column":10},"end":{"line":111,"column":11}},"loc":{"start":{"line":111,"column":19},"end":{"line":111,"column":null}},"line":111},"5":{"name":"buildApprovedPackages","decl":{"start":{"line":120,"column":9},"end":{"line":120,"column":46}},"loc":{"start":{"line":120,"column":46},"end":{"line":129,"column":null}},"line":120},"6":{"name":"getApprovedPackages","decl":{"start":{"line":134,"column":9},"end":{"line":134,"column":44}},"loc":{"start":{"line":134,"column":44},"end":{"line":139,"column":null}},"line":134},"7":{"name":"validatePackageName","decl":{"start":{"line":149,"column":16},"end":{"line":149,"column":36}},"loc":{"start":{"line":149,"column":59},"end":{"line":151,"column":null}},"line":149},"8":{"name":"validateModuleName","decl":{"start":{"line":157,"column":9},"end":{"line":157,"column":28}},"loc":{"start":{"line":157,"column":51},"end":{"line":159,"column":null}},"line":157},"9":{"name":"getBinaryLookup","decl":{"start":{"line":166,"column":9},"end":{"line":166,"column":57}},"loc":{"start":{"line":166,"column":57},"end":{"line":174,"column":null}},"line":166},"10":{"name":"isRoot","decl":{"start":{"line":178,"column":9},"end":{"line":178,"column":27}},"loc":{"start":{"line":178,"column":27},"end":{"line":180,"column":null}},"line":178},"11":{"name":"execWithSudo","decl":{"start":{"line":190,"column":9},"end":{"line":190,"column":null}},"loc":{"start":{"line":193,"column":56},"end":{"line":253,"column":null}},"line":193},"12":{"name":"execSimple","decl":{"start":{"line":259,"column":9},"end":{"line":259,"column":null}},"loc":{"start":{"line":263,"column":56},"end":{"line":281,"column":null}},"line":263},"13":{"name":"binaryAvailable","decl":{"start":{"line":285,"column":9},"end":{"line":285,"column":25}},"loc":{"start":{"line":285,"column":50},"end":{"line":296,"column":null}},"line":285},"14":{"name":"getInstallArgs","decl":{"start":{"line":300,"column":9},"end":{"line":300,"column":null}},"loc":{"start":{"line":303,"column":12},"end":{"line":323,"column":null}},"line":303},"15":{"name":"(anonymous_15)","decl":{"start":{"line":332,"column":9},"end":{"line":332,"column":35}},"loc":{"start":{"line":332,"column":35},"end":{"line":343,"column":null}},"line":332},"16":{"name":"(anonymous_16)","decl":{"start":{"line":349,"column":9},"end":{"line":349,"column":31}},"loc":{"start":{"line":349,"column":31},"end":{"line":351,"column":null}},"line":349},"17":{"name":"(anonymous_17)","decl":{"start":{"line":354,"column":2},"end":{"line":354,"column":23}},"loc":{"start":{"line":354,"column":23},"end":{"line":356,"column":null}},"line":354},"18":{"name":"(anonymous_18)","decl":{"start":{"line":364,"column":8},"end":{"line":364,"column":null}},"loc":{"start":{"line":370,"column":32},"end":{"line":477,"column":null}},"line":370},"19":{"name":"(anonymous_19)","decl":{"start":{"line":460,"column":14},"end":{"line":460,"column":15}},"loc":{"start":{"line":460,"column":21},"end":{"line":460,"column":31}},"line":460},"20":{"name":"(anonymous_20)","decl":{"start":{"line":461,"column":11},"end":{"line":461,"column":12}},"loc":{"start":{"line":461,"column":18},"end":{"line":461,"column":30}},"line":461},"21":{"name":"(anonymous_21)","decl":{"start":{"line":466,"column":39},"end":{"line":466,"column":40}},"loc":{"start":{"line":466,"column":46},"end":{"line":466,"column":55}},"line":466},"22":{"name":"(anonymous_22)","decl":{"start":{"line":467,"column":36},"end":{"line":467,"column":37}},"loc":{"start":{"line":467,"column":43},"end":{"line":467,"column":79}},"line":467},"23":{"name":"(anonymous_23)","decl":{"start":{"line":486,"column":8},"end":{"line":486,"column":22}},"loc":{"start":{"line":486,"column":63},"end":{"line":640,"column":null}},"line":486},"24":{"name":"(anonymous_24)","decl":{"start":{"line":650,"column":8},"end":{"line":650,"column":28}},"loc":{"start":{"line":650,"column":69},"end":{"line":761,"column":null}},"line":650},"25":{"name":"(anonymous_25)","decl":{"start":{"line":770,"column":8},"end":{"line":770,"column":26}},"loc":{"start":{"line":770,"column":64},"end":{"line":878,"column":null}},"line":770},"26":{"name":"(anonymous_26)","decl":{"start":{"line":887,"column":8},"end":{"line":887,"column":23}},"loc":{"start":{"line":887,"column":61},"end":{"line":988,"column":null}},"line":887},"27":{"name":"(anonymous_27)","decl":{"start":{"line":995,"column":16},"end":{"line":995,"column":49}},"loc":{"start":{"line":995,"column":49},"end":{"line":1000,"column":null}},"line":995},"28":{"name":"(anonymous_28)","decl":{"start":{"line":1005,"column":10},"end":{"line":1005,"column":24}},"loc":{"start":{"line":1005,"column":46},"end":{"line":1023,"column":null}},"line":1005}},"branchMap":{"0":{"loc":{"start":{"line":125,"column":6},"end":{"line":125,"column":null}},"type":"if","locations":[{"start":{"line":125,"column":6},"end":{"line":125,"column":null}},{"start":{},"end":{}}],"line":125},"1":{"loc":{"start":{"line":135,"column":2},"end":{"line":137,"column":null}},"type":"if","locations":[{"start":{"line":135,"column":2},"end":{"line":137,"column":null}},{"start":{},"end":{}}],"line":135},"2":{"loc":{"start":{"line":167,"column":2},"end":{"line":172,"column":null}},"type":"if","locations":[{"start":{"line":167,"column":2},"end":{"line":172,"column":null}},{"start":{},"end":{}}],"line":167},"3":{"loc":{"start":{"line":194,"column":18},"end":{"line":194,"column":null}},"type":"binary-expr","locations":[{"start":{"line":194,"column":18},"end":{"line":194,"column":40}},{"start":{"line":194,"column":40},"end":{"line":194,"column":null}}],"line":194},"4":{"loc":{"start":{"line":195,"column":8},"end":{"line":195,"column":null}},"type":"binary-expr","locations":[{"start":{"line":195,"column":21},"end":{"line":195,"column":41}},{"start":{"line":195,"column":41},"end":{"line":195,"column":50}},{"start":{"line":195,"column":50},"end":{"line":195,"column":null}}],"line":195},"5":{"loc":{"start":{"line":197,"column":2},"end":{"line":252,"column":null}},"type":"if","locations":[{"start":{"line":197,"column":2},"end":{"line":252,"column":null}},{"start":{"line":234,"column":9},"end":{"line":252,"column":null}}],"line":197},"6":{"loc":{"start":{"line":208,"column":4},"end":{"line":212,"column":null}},"type":"if","locations":[{"start":{"line":208,"column":4},"end":{"line":212,"column":null}},{"start":{},"end":{}}],"line":208},"7":{"loc":{"start":{"line":220,"column":15},"end":{"line":220,"column":null}},"type":"cond-expr","locations":[{"start":{"line":220,"column":26},"end":{"line":220,"column":53}},{"start":{"line":220,"column":53},"end":{"line":220,"column":null}}],"line":220},"8":{"loc":{"start":{"line":222,"column":24},"end":{"line":222,"column":49}},"type":"binary-expr","locations":[{"start":{"line":222,"column":24},"end":{"line":222,"column":34}},{"start":{"line":222,"column":34},"end":{"line":222,"column":49}}],"line":222},"9":{"loc":{"start":{"line":226,"column":16},"end":{"line":226,"column":null}},"type":"binary-expr","locations":[{"start":{"line":226,"column":16},"end":{"line":226,"column":34}},{"start":{"line":226,"column":34},"end":{"line":226,"column":null}}],"line":226},"10":{"loc":{"start":{"line":228,"column":16},"end":{"line":228,"column":null}},"type":"binary-expr","locations":[{"start":{"line":228,"column":16},"end":{"line":228,"column":34}},{"start":{"line":228,"column":34},"end":{"line":228,"column":null}}],"line":228},"11":{"loc":{"start":{"line":232,"column":6},"end":{"line":232,"column":null}},"type":"if","locations":[{"start":{"line":232,"column":6},"end":{"line":232,"column":null}},{"start":{},"end":{}}],"line":232},"12":{"loc":{"start":{"line":243,"column":24},"end":{"line":243,"column":49}},"type":"binary-expr","locations":[{"start":{"line":243,"column":24},"end":{"line":243,"column":34}},{"start":{"line":243,"column":34},"end":{"line":243,"column":49}}],"line":243},"13":{"loc":{"start":{"line":247,"column":16},"end":{"line":247,"column":null}},"type":"binary-expr","locations":[{"start":{"line":247,"column":16},"end":{"line":247,"column":34}},{"start":{"line":247,"column":34},"end":{"line":247,"column":null}}],"line":247},"14":{"loc":{"start":{"line":249,"column":16},"end":{"line":249,"column":null}},"type":"binary-expr","locations":[{"start":{"line":249,"column":16},"end":{"line":249,"column":34}},{"start":{"line":249,"column":34},"end":{"line":249,"column":null}}],"line":249},"15":{"loc":{"start":{"line":266,"column":15},"end":{"line":266,"column":null}},"type":"binary-expr","locations":[{"start":{"line":266,"column":15},"end":{"line":266,"column":37}},{"start":{"line":266,"column":37},"end":{"line":266,"column":null}}],"line":266},"16":{"loc":{"start":{"line":272,"column":22},"end":{"line":272,"column":47}},"type":"binary-expr","locations":[{"start":{"line":272,"column":22},"end":{"line":272,"column":32}},{"start":{"line":272,"column":32},"end":{"line":272,"column":47}}],"line":272},"17":{"loc":{"start":{"line":276,"column":14},"end":{"line":276,"column":null}},"type":"binary-expr","locations":[{"start":{"line":276,"column":14},"end":{"line":276,"column":32}},{"start":{"line":276,"column":32},"end":{"line":276,"column":null}}],"line":276},"18":{"loc":{"start":{"line":278,"column":14},"end":{"line":278,"column":null}},"type":"binary-expr","locations":[{"start":{"line":278,"column":14},"end":{"line":278,"column":32}},{"start":{"line":278,"column":32},"end":{"line":278,"column":null}}],"line":278},"19":{"loc":{"start":{"line":304,"column":2},"end":{"line":322,"column":null}},"type":"switch","locations":[{"start":{"line":305,"column":4},"end":{"line":306,"column":null}},{"start":{"line":307,"column":4},"end":{"line":308,"column":null}},{"start":{"line":309,"column":4},"end":{"line":310,"column":null}},{"start":{"line":311,"column":4},"end":{"line":312,"column":null}},{"start":{"line":313,"column":4},"end":{"line":314,"column":null}},{"start":{"line":315,"column":4},"end":{"line":316,"column":null}},{"start":{"line":317,"column":4},"end":{"line":319,"column":null}},{"start":{"line":320,"column":4},"end":{"line":321,"column":null}}],"line":304},"20":{"loc":{"start":{"line":333,"column":4},"end":{"line":341,"column":null}},"type":"if","locations":[{"start":{"line":333,"column":4},"end":{"line":341,"column":null}},{"start":{},"end":{}}],"line":333},"21":{"loc":{"start":{"line":336,"column":6},"end":{"line":340,"column":null}},"type":"if","locations":[{"start":{"line":336,"column":6},"end":{"line":340,"column":null}},{"start":{},"end":{}}],"line":336},"22":{"loc":{"start":{"line":374,"column":4},"end":{"line":424,"column":null}},"type":"if","locations":[{"start":{"line":374,"column":4},"end":{"line":424,"column":null}},{"start":{},"end":{}}],"line":374},"23":{"loc":{"start":{"line":377,"column":12},"end":{"line":377,"column":null}},"type":"binary-expr","locations":[{"start":{"line":377,"column":12},"end":{"line":377,"column":29}},{"start":{"line":377,"column":29},"end":{"line":377,"column":null}}],"line":377},"24":{"loc":{"start":{"line":378,"column":12},"end":{"line":378,"column":null}},"type":"binary-expr","locations":[{"start":{"line":378,"column":12},"end":{"line":378,"column":26}},{"start":{"line":378,"column":26},"end":{"line":378,"column":null}}],"line":378},"25":{"loc":{"start":{"line":379,"column":12},"end":{"line":379,"column":null}},"type":"binary-expr","locations":[{"start":{"line":379,"column":12},"end":{"line":379,"column":32}},{"start":{"line":379,"column":32},"end":{"line":379,"column":null}}],"line":379},"26":{"loc":{"start":{"line":391,"column":24},"end":{"line":391,"column":45}},"type":"binary-expr","locations":[{"start":{"line":391,"column":24},"end":{"line":391,"column":41}},{"start":{"line":391,"column":41},"end":{"line":391,"column":45}}],"line":391},"27":{"loc":{"start":{"line":400,"column":24},"end":{"line":400,"column":42}},"type":"binary-expr","locations":[{"start":{"line":400,"column":24},"end":{"line":400,"column":38}},{"start":{"line":400,"column":38},"end":{"line":400,"column":42}}],"line":400},"28":{"loc":{"start":{"line":409,"column":24},"end":{"line":409,"column":48}},"type":"binary-expr","locations":[{"start":{"line":409,"column":24},"end":{"line":409,"column":44}},{"start":{"line":409,"column":44},"end":{"line":409,"column":48}}],"line":409},"29":{"loc":{"start":{"line":429,"column":11},"end":{"line":429,"column":37}},"type":"binary-expr","locations":[{"start":{"line":429,"column":11},"end":{"line":429,"column":36}},{"start":{"line":429,"column":36},"end":{"line":429,"column":37}}],"line":429},"30":{"loc":{"start":{"line":430,"column":11},"end":{"line":430,"column":34}},"type":"binary-expr","locations":[{"start":{"line":430,"column":11},"end":{"line":430,"column":33}},{"start":{"line":430,"column":33},"end":{"line":430,"column":34}}],"line":430},"31":{"loc":{"start":{"line":431,"column":11},"end":{"line":431,"column":40}},"type":"binary-expr","locations":[{"start":{"line":431,"column":11},"end":{"line":431,"column":39}},{"start":{"line":431,"column":39},"end":{"line":431,"column":40}}],"line":431},"32":{"loc":{"start":{"line":441,"column":22},"end":{"line":441,"column":43}},"type":"binary-expr","locations":[{"start":{"line":441,"column":22},"end":{"line":441,"column":39}},{"start":{"line":441,"column":39},"end":{"line":441,"column":43}}],"line":441},"33":{"loc":{"start":{"line":447,"column":22},"end":{"line":447,"column":40}},"type":"binary-expr","locations":[{"start":{"line":447,"column":22},"end":{"line":447,"column":36}},{"start":{"line":447,"column":36},"end":{"line":447,"column":40}}],"line":447},"34":{"loc":{"start":{"line":453,"column":22},"end":{"line":453,"column":46}},"type":"binary-expr","locations":[{"start":{"line":453,"column":22},"end":{"line":453,"column":42}},{"start":{"line":453,"column":42},"end":{"line":453,"column":46}}],"line":453},"35":{"loc":{"start":{"line":467,"column":43},"end":{"line":467,"column":79}},"type":"binary-expr","locations":[{"start":{"line":467,"column":43},"end":{"line":467,"column":57}},{"start":{"line":467,"column":57},"end":{"line":467,"column":79}}],"line":467},"36":{"loc":{"start":{"line":469,"column":4},"end":{"line":474,"column":null}},"type":"if","locations":[{"start":{"line":469,"column":4},"end":{"line":474,"column":null}},{"start":{},"end":{}}],"line":469},"37":{"loc":{"start":{"line":490,"column":4},"end":{"line":499,"column":null}},"type":"if","locations":[{"start":{"line":490,"column":4},"end":{"line":499,"column":null}},{"start":{},"end":{}}],"line":490},"38":{"loc":{"start":{"line":505,"column":4},"end":{"line":518,"column":null}},"type":"if","locations":[{"start":{"line":505,"column":4},"end":{"line":518,"column":null}},{"start":{},"end":{}}],"line":505},"39":{"loc":{"start":{"line":522,"column":7},"end":{"line":524,"column":null}},"type":"binary-expr","locations":[{"start":{"line":522,"column":7},"end":{"line":522,"column":null}},{"start":{"line":523,"column":6},"end":{"line":523,"column":null}},{"start":{"line":524,"column":6},"end":{"line":524,"column":null}}],"line":522},"40":{"loc":{"start":{"line":526,"column":4},"end":{"line":538,"column":null}},"type":"if","locations":[{"start":{"line":526,"column":4},"end":{"line":538,"column":null}},{"start":{},"end":{}}],"line":526},"41":{"loc":{"start":{"line":541,"column":4},"end":{"line":553,"column":null}},"type":"if","locations":[{"start":{"line":541,"column":4},"end":{"line":553,"column":null}},{"start":{},"end":{}}],"line":541},"42":{"loc":{"start":{"line":556,"column":4},"end":{"line":568,"column":null}},"type":"if","locations":[{"start":{"line":556,"column":4},"end":{"line":568,"column":null}},{"start":{},"end":{}}],"line":556},"43":{"loc":{"start":{"line":576,"column":4},"end":{"line":585,"column":null}},"type":"if","locations":[{"start":{"line":576,"column":4},"end":{"line":585,"column":null}},{"start":{},"end":{}}],"line":576},"44":{"loc":{"start":{"line":591,"column":4},"end":{"line":604,"column":null}},"type":"if","locations":[{"start":{"line":591,"column":4},"end":{"line":604,"column":null}},{"start":{},"end":{}}],"line":591},"45":{"loc":{"start":{"line":610,"column":4},"end":{"line":628,"column":null}},"type":"if","locations":[{"start":{"line":610,"column":4},"end":{"line":628,"column":null}},{"start":{"line":624,"column":11},"end":{"line":628,"column":null}}],"line":610},"46":{"loc":{"start":{"line":635,"column":15},"end":{"line":637,"column":null}},"type":"cond-expr","locations":[{"start":{"line":636,"column":10},"end":{"line":636,"column":null}},{"start":{"line":637,"column":10},"end":{"line":637,"column":null}}],"line":635},"47":{"loc":{"start":{"line":654,"column":16},"end":{"line":654,"column":null}},"type":"cond-expr","locations":[{"start":{"line":654,"column":42},"end":{"line":654,"column":51}},{"start":{"line":654,"column":51},"end":{"line":654,"column":null}}],"line":654},"48":{"loc":{"start":{"line":654,"column":51},"end":{"line":654,"column":null}},"type":"cond-expr","locations":[{"start":{"line":654,"column":76},"end":{"line":654,"column":84}},{"start":{"line":654,"column":84},"end":{"line":654,"column":null}}],"line":654},"49":{"loc":{"start":{"line":656,"column":4},"end":{"line":666,"column":null}},"type":"if","locations":[{"start":{"line":656,"column":4},"end":{"line":666,"column":null}},{"start":{},"end":{}}],"line":656},"50":{"loc":{"start":{"line":669,"column":4},"end":{"line":681,"column":null}},"type":"if","locations":[{"start":{"line":669,"column":4},"end":{"line":681,"column":null}},{"start":{},"end":{}}],"line":669},"51":{"loc":{"start":{"line":684,"column":4},"end":{"line":696,"column":null}},"type":"if","locations":[{"start":{"line":684,"column":4},"end":{"line":696,"column":null}},{"start":{},"end":{}}],"line":684},"52":{"loc":{"start":{"line":703,"column":4},"end":{"line":709,"column":null}},"type":"if","locations":[{"start":{"line":703,"column":4},"end":{"line":709,"column":null}},{"start":{},"end":{}}],"line":703},"53":{"loc":{"start":{"line":711,"column":4},"end":{"line":724,"column":null}},"type":"if","locations":[{"start":{"line":711,"column":4},"end":{"line":724,"column":null}},{"start":{},"end":{}}],"line":711},"54":{"loc":{"start":{"line":727,"column":23},"end":{"line":727,"column":null}},"type":"binary-expr","locations":[{"start":{"line":727,"column":23},"end":{"line":727,"column":52}},{"start":{"line":727,"column":52},"end":{"line":727,"column":null}}],"line":727},"55":{"loc":{"start":{"line":728,"column":19},"end":{"line":728,"column":null}},"type":"cond-expr","locations":[{"start":{"line":728,"column":48},"end":{"line":728,"column":60}},{"start":{"line":728,"column":60},"end":{"line":728,"column":null}}],"line":728},"56":{"loc":{"start":{"line":733,"column":4},"end":{"line":749,"column":null}},"type":"if","locations":[{"start":{"line":733,"column":4},"end":{"line":749,"column":null}},{"start":{"line":745,"column":11},"end":{"line":749,"column":null}}],"line":733},"57":{"loc":{"start":{"line":756,"column":15},"end":{"line":758,"column":null}},"type":"cond-expr","locations":[{"start":{"line":757,"column":10},"end":{"line":757,"column":null}},{"start":{"line":758,"column":10},"end":{"line":758,"column":null}}],"line":756},"58":{"loc":{"start":{"line":773,"column":4},"end":{"line":783,"column":null}},"type":"if","locations":[{"start":{"line":773,"column":4},"end":{"line":783,"column":null}},{"start":{},"end":{}}],"line":773},"59":{"loc":{"start":{"line":786,"column":4},"end":{"line":798,"column":null}},"type":"if","locations":[{"start":{"line":786,"column":4},"end":{"line":798,"column":null}},{"start":{},"end":{}}],"line":786},"60":{"loc":{"start":{"line":801,"column":4},"end":{"line":813,"column":null}},"type":"if","locations":[{"start":{"line":801,"column":4},"end":{"line":813,"column":null}},{"start":{},"end":{}}],"line":801},"61":{"loc":{"start":{"line":820,"column":4},"end":{"line":826,"column":null}},"type":"if","locations":[{"start":{"line":820,"column":4},"end":{"line":826,"column":null}},{"start":{},"end":{}}],"line":820},"62":{"loc":{"start":{"line":830,"column":4},"end":{"line":842,"column":null}},"type":"if","locations":[{"start":{"line":830,"column":4},"end":{"line":842,"column":null}},{"start":{},"end":{}}],"line":830},"63":{"loc":{"start":{"line":847,"column":4},"end":{"line":854,"column":null}},"type":"if","locations":[{"start":{"line":847,"column":4},"end":{"line":854,"column":null}},{"start":{"line":849,"column":11},"end":{"line":854,"column":null}}],"line":847},"64":{"loc":{"start":{"line":873,"column":15},"end":{"line":875,"column":null}},"type":"cond-expr","locations":[{"start":{"line":874,"column":10},"end":{"line":874,"column":null}},{"start":{"line":875,"column":10},"end":{"line":875,"column":null}}],"line":873},"65":{"loc":{"start":{"line":891,"column":4},"end":{"line":900,"column":null}},"type":"if","locations":[{"start":{"line":891,"column":4},"end":{"line":900,"column":null}},{"start":{},"end":{}}],"line":891},"66":{"loc":{"start":{"line":908,"column":23},"end":{"line":908,"column":null}},"type":"cond-expr","locations":[{"start":{"line":908,"column":35},"end":{"line":908,"column":52}},{"start":{"line":908,"column":52},"end":{"line":908,"column":null}}],"line":908},"67":{"loc":{"start":{"line":915,"column":6},"end":{"line":920,"column":null}},"type":"if","locations":[{"start":{"line":915,"column":6},"end":{"line":920,"column":null}},{"start":{},"end":{}}],"line":915},"68":{"loc":{"start":{"line":923,"column":6},"end":{"line":923,"column":null}},"type":"if","locations":[{"start":{"line":923,"column":6},"end":{"line":923,"column":null}},{"start":{},"end":{}}],"line":923},"69":{"loc":{"start":{"line":928,"column":6},"end":{"line":944,"column":null}},"type":"if","locations":[{"start":{"line":928,"column":6},"end":{"line":944,"column":null}},{"start":{},"end":{}}],"line":928},"70":{"loc":{"start":{"line":948,"column":4},"end":{"line":961,"column":null}},"type":"if","locations":[{"start":{"line":948,"column":4},"end":{"line":961,"column":null}},{"start":{},"end":{}}],"line":948},"71":{"loc":{"start":{"line":967,"column":4},"end":{"line":975,"column":null}},"type":"if","locations":[{"start":{"line":967,"column":4},"end":{"line":975,"column":null}},{"start":{"line":971,"column":11},"end":{"line":975,"column":null}}],"line":967},"72":{"loc":{"start":{"line":983,"column":15},"end":{"line":985,"column":null}},"type":"cond-expr","locations":[{"start":{"line":984,"column":10},"end":{"line":984,"column":null}},{"start":{"line":985,"column":10},"end":{"line":985,"column":null}}],"line":983},"73":{"loc":{"start":{"line":996,"column":4},"end":{"line":998,"column":null}},"type":"if","locations":[{"start":{"line":996,"column":4},"end":{"line":998,"column":null}},{"start":{},"end":{}}],"line":996},"74":{"loc":{"start":{"line":1007,"column":4},"end":{"line":1010,"column":null}},"type":"if","locations":[{"start":{"line":1007,"column":4},"end":{"line":1010,"column":null}},{"start":{},"end":{}}],"line":1007},"75":{"loc":{"start":{"line":1009,"column":6},"end":{"line":1009,"column":null}},"type":"if","locations":[{"start":{"line":1009,"column":6},"end":{"line":1009,"column":null}},{"start":{},"end":{}}],"line":1009},"76":{"loc":{"start":{"line":1015,"column":6},"end":{"line":1017,"column":null}},"type":"if","locations":[{"start":{"line":1015,"column":6},"end":{"line":1017,"column":null}},{"start":{},"end":{}}],"line":1015},"77":{"loc":{"start":{"line":1015,"column":10},"end":{"line":1015,"column":73}},"type":"binary-expr","locations":[{"start":{"line":1015,"column":10},"end":{"line":1015,"column":36}},{"start":{"line":1015,"column":36},"end":{"line":1015,"column":73}}],"line":1015}},"s":{"0":1,"1":1,"2":1,"3":1,"4":0,"5":0,"6":0,"7":0,"8":0,"9":1,"10":1,"11":2,"12":2,"13":6,"14":6,"15":1,"16":1,"17":1,"18":1,"19":1,"20":17,"21":2,"22":1,"23":2,"24":1,"25":1,"26":2,"27":2,"28":1,"29":1,"30":1,"31":1,"32":1,"33":1,"34":1,"35":1,"36":1,"37":1,"38":0,"39":0,"40":0,"41":1,"42":1,"43":1,"44":0,"45":0,"46":1,"47":0,"48":0,"49":0,"50":0,"51":0,"52":0,"53":0,"54":0,"55":0,"56":0,"57":0,"58":3,"59":3,"60":3,"61":0,"62":1,"63":1,"64":0,"65":0,"66":0,"67":0,"68":0,"69":0,"70":0,"71":1,"72":10,"73":11,"74":10,"75":10,"76":5,"77":11,"78":15,"79":17,"80":5,"81":5,"82":1,"83":1,"84":1,"85":1,"86":1,"87":1,"88":1,"89":1,"90":0,"91":1,"92":4,"93":5,"94":2,"95":2,"96":4,"97":1,"98":1,"99":4,"100":1,"101":1,"102":4,"103":0,"104":0,"105":4,"106":4,"107":3,"108":4,"109":4,"110":4,"111":4,"112":4,"113":4,"114":4,"115":4,"116":2,"117":2,"118":2,"119":0,"120":2,"121":2,"122":2,"123":1,"124":1,"125":1,"126":2,"127":0,"128":0,"129":1,"130":0,"131":0,"132":1,"133":0,"134":0,"135":1,"136":1,"137":1,"138":0,"139":1,"140":1,"141":1,"142":0,"143":0,"144":0,"145":1,"146":1,"147":1,"148":1,"149":1,"150":0,"151":1,"152":1,"153":1,"154":1,"155":0,"156":0,"157":1,"158":0,"159":0,"160":1,"161":1,"162":1,"163":0,"164":0,"165":0,"166":0,"167":0,"168":0,"169":0,"170":0,"171":0,"172":0,"173":1,"174":1,"175":1,"176":1,"177":0,"178":0,"179":0,"180":0,"181":1,"182":1,"183":0,"184":0,"185":1,"186":0,"187":0,"188":1,"189":1,"190":1,"191":0,"192":0,"193":0,"194":0,"195":0,"196":0,"197":0,"198":0,"199":0,"200":0,"201":0,"202":0,"203":0,"204":0,"205":0,"206":0,"207":0,"208":0,"209":0,"210":0,"211":0,"212":0,"213":0,"214":0,"215":0,"216":0,"217":0,"218":0,"219":0,"220":0,"221":0,"222":0,"223":0,"224":0,"225":0,"226":0,"227":0,"228":0,"229":0,"230":0,"231":0,"232":0,"233":0,"234":0,"235":0,"236":0,"237":0,"238":0,"239":0,"240":2,"241":2,"242":2,"243":0,"244":0,"245":0,"246":0,"247":0,"248":0,"249":0,"250":0,"251":0},"f":{"0":0,"1":0,"2":0,"3":0,"4":0,"5":1,"6":1,"7":17,"8":2,"9":2,"10":1,"11":1,"12":0,"13":3,"14":1,"15":10,"16":10,"17":17,"18":5,"19":4,"20":3,"21":4,"22":4,"23":2,"24":1,"25":1,"26":0,"27":2,"28":0},"b":{"0":[6,0],"1":[1,0],"2":[1,1],"3":[1,0],"4":[1,0,1],"5":[1,0],"6":[0,1],"7":[0,1],"8":[1,0],"9":[0,0],"10":[0,0],"11":[0,1],"12":[0,0],"13":[0,0],"14":[0,0],"15":[0,0],"16":[0,0],"17":[0,0],"18":[0,0],"19":[1,0,0,0,0,0,0,0],"20":[10,1],"21":[5,5],"22":[1,4],"23":[1,0],"24":[1,0],"25":[1,1],"26":[1,0],"27":[1,0],"28":[1,1],"29":[4,3],"30":[5,3],"31":[5,4],"32":[4,3],"33":[4,3],"34":[4,4],"35":[4,3],"36":[4,0],"37":[0,2],"38":[1,1],"39":[1,0,0],"40":[0,2],"41":[0,1],"42":[0,1],"43":[0,1],"44":[0,1],"45":[1,0],"46":[1,0],"47":[1,0],"48":[0,0],"49":[0,1],"50":[0,1],"51":[1,0],"52":[0,0],"53":[0,0],"54":[0,0],"55":[0,0],"56":[0,0],"57":[0,0],"58":[0,1],"59":[0,1],"60":[1,0],"61":[0,0],"62":[0,0],"63":[0,0],"64":[0,0],"65":[0,0],"66":[0,0],"67":[0,0],"68":[0,0],"69":[0,0],"70":[0,0],"71":[0,0],"72":[0,0],"73":[2,0],"74":[0,0],"75":[0,0],"76":[0,0],"77":[0,0]},"meta":{"lastBranch":78,"lastFunction":29,"lastStatement":252,"seen":{"s:61:50:71:Infinity":0,"s:80:29:90:Infinity":1,"s:97:29:102:Infinity":2,"s:106:68:112:Infinity":3,"f:107:10:107:11":0,"s:107:19:107:Infinity":4,"f:108:8:108:9":1,"s:108:17:108:Infinity":5,"f:109:8:109:9":2,"s:109:17:109:Infinity":6,"f:110:8:110:9":3,"s:110:17:110:Infinity":7,"f:111:10:111:11":4,"s:111:19:111:Infinity":8,"f:120:9:120:46":5,"s:121:19:121:Infinity":9,"s:122:2:127:Infinity":10,"s:123:17:123:Infinity":11,"s:124:4:126:Infinity":12,"b:125:6:125:Infinity:undefined:undefined:undefined:undefined":0,"s:125:6:125:Infinity":13,"s:125:17:125:Infinity":14,"s:128:2:128:Infinity":15,"s:131:44:131:Infinity":16,"f:134:9:134:44":6,"b:135:2:137:Infinity:undefined:undefined:undefined:undefined":1,"s:135:2:137:Infinity":17,"s:136:4:136:Infinity":18,"s:138:2:138:Infinity":19,"f:149:16:149:36":7,"s:150:2:150:Infinity":20,"f:157:9:157:28":8,"s:158:2:158:Infinity":21,"s:164:57:164:Infinity":22,"f:166:9:166:57":9,"b:167:2:172:Infinity:undefined:undefined:undefined:undefined":2,"s:167:2:172:Infinity":23,"s:168:4:168:Infinity":24,"s:169:4:171:Infinity":25,"s:170:6:170:Infinity":26,"s:173:2:173:Infinity":27,"f:178:9:178:27":10,"s:179:2:179:Infinity":28,"f:190:9:190:Infinity":11,"s:194:18:194:Infinity":29,"b:194:18:194:40:194:40:194:Infinity":3,"s:195:8:195:Infinity":30,"b:195:21:195:41:195:41:195:50:195:50:195:Infinity":4,"b:197:2:252:Infinity:234:9:252:Infinity":5,"s:197:2:252:Infinity":31,"s:199:10:199:Infinity":32,"s:200:25:200:Infinity":33,"s:202:20:202:Infinity":34,"s:203:24:203:Infinity":35,"s:205:20:205:Infinity":36,"b:208:4:212:Infinity:undefined:undefined:undefined:undefined":6,"s:208:4:212:Infinity":37,"s:209:22:209:Infinity":38,"s:210:6:210:Infinity":39,"s:211:6:211:Infinity":40,"s:214:4:233:Infinity":41,"s:215:12:221:Infinity":42,"b:220:26:220:53:220:53:220:Infinity":7,"s:222:6:222:Infinity":43,"b:222:24:222:34:222:34:222:49":8,"s:224:22:224:Infinity":44,"s:225:6:229:Infinity":45,"b:226:16:226:34:226:34:226:Infinity":9,"b:228:16:228:34:228:34:228:Infinity":10,"b:232:6:232:Infinity:undefined:undefined:undefined:undefined":11,"s:232:6:232:Infinity":46,"s:232:20:232:Infinity":47,"s:236:4:251:Infinity":48,"s:237:12:242:Infinity":49,"s:243:6:243:Infinity":50,"b:243:24:243:34:243:34:243:49":12,"s:245:22:245:Infinity":51,"s:246:6:250:Infinity":52,"b:247:16:247:34:247:34:247:Infinity":13,"b:249:16:249:34:249:34:249:Infinity":14,"f:259:9:259:Infinity":12,"s:264:2:280:Infinity":53,"s:265:10:271:Infinity":54,"b:266:15:266:37:266:37:266:Infinity":15,"s:272:4:272:Infinity":55,"b:272:22:272:32:272:32:272:47":16,"s:274:20:274:Infinity":56,"s:275:4:279:Infinity":57,"b:276:14:276:32:276:32:276:Infinity":17,"b:278:14:278:32:278:32:278:Infinity":18,"f:285:9:285:25":13,"s:286:2:295:Infinity":58,"s:287:4:291:Infinity":59,"s:292:4:292:Infinity":60,"s:294:4:294:Infinity":61,"f:300:9:300:Infinity":14,"b:305:4:306:Infinity:307:4:308:Infinity:309:4:310:Infinity:311:4:312:Infinity:313:4:314:Infinity:315:4:316:Infinity:317:4:319:Infinity:320:4:321:Infinity":19,"s:304:2:322:Infinity":62,"s:306:6:306:Infinity":63,"s:308:6:308:Infinity":64,"s:310:6:310:Infinity":65,"s:312:6:312:Infinity":66,"s:314:6:314:Infinity":67,"s:316:6:316:Infinity":68,"s:319:6:319:Infinity":69,"s:321:6:321:Infinity":70,"s:328:51:328:Infinity":71,"s:329:43:329:Infinity":72,"f:332:9:332:35":15,"b:333:4:341:Infinity:undefined:undefined:undefined:undefined":20,"s:333:4:341:Infinity":73,"s:334:6:334:Infinity":74,"b:336:6:340:Infinity:undefined:undefined:undefined:undefined":21,"s:336:6:340:Infinity":75,"s:337:8:339:Infinity":76,"s:342:4:342:Infinity":77,"f:349:9:349:31":16,"s:350:4:350:Infinity":78,"f:354:2:354:23":17,"s:355:4:355:Infinity":79,"f:364:8:364:Infinity":18,"s:371:40:371:Infinity":80,"b:374:4:424:Infinity:undefined:undefined:undefined:undefined":22,"s:374:4:424:Infinity":81,"s:375:25:380:Infinity":82,"b:377:12:377:29:377:29:377:Infinity":23,"b:378:12:378:26:378:26:378:Infinity":24,"b:379:12:379:32:379:32:379:Infinity":25,"s:382:6:390:Infinity":83,"s:383:8:389:Infinity":84,"s:391:6:399:Infinity":85,"b:391:24:391:41:391:41:391:45":26,"s:392:8:398:Infinity":86,"s:400:6:408:Infinity":87,"b:400:24:400:38:400:38:400:42":27,"s:401:8:407:Infinity":88,"s:409:6:417:Infinity":89,"b:409:24:409:44:409:44:409:48":28,"s:410:8:416:Infinity":90,"s:419:6:423:Infinity":91,"s:426:4:432:Infinity":92,"b:429:11:429:36:429:36:429:37":29,"b:430:11:430:33:430:33:430:34":30,"b:431:11:431:39:431:39:431:40":31,"s:435:4:438:Infinity":93,"s:436:21:436:Infinity":94,"s:437:6:437:Infinity":95,"s:441:4:444:Infinity":96,"b:441:22:441:39:441:39:441:43":32,"s:442:21:442:Infinity":97,"s:443:6:443:Infinity":98,"s:447:4:450:Infinity":99,"b:447:22:447:36:447:36:447:40":33,"s:448:21:448:Infinity":100,"s:449:6:449:Infinity":101,"s:453:4:456:Infinity":102,"b:453:22:453:42:453:42:453:46":34,"s:454:21:454:Infinity":103,"s:455:6:455:Infinity":104,"s:459:23:461:Infinity":105,"f:460:14:460:15":19,"s:460:21:460:31":106,"f:461:11:461:12":20,"s:461:18:461:30":107,"s:463:24:463:Infinity":108,"s:466:22:466:Infinity":109,"f:466:39:466:40":21,"s:466:46:466:55":110,"s:467:19:467:Infinity":111,"f:467:36:467:37":22,"s:467:43:467:79":112,"b:467:43:467:57:467:57:467:79":35,"b:469:4:474:Infinity:undefined:undefined:undefined:undefined":36,"s:469:4:474:Infinity":113,"s:470:6:473:Infinity":114,"s:476:4:476:Infinity":115,"f:486:8:486:22":23,"s:487:18:487:Infinity":116,"s:488:19:488:Infinity":117,"b:490:4:499:Infinity:undefined:undefined:undefined:undefined":37,"s:490:4:499:Infinity":118,"s:491:6:498:Infinity":119,"s:502:19:502:Infinity":120,"s:503:20:503:Infinity":121,"b:505:4:518:Infinity:undefined:undefined:undefined:undefined":38,"s:505:4:518:Infinity":122,"s:507:6:509:Infinity":123,"s:510:6:517:Infinity":124,"s:522:7:524:Infinity":125,"b:522:7:522:Infinity:523:6:523:Infinity:524:6:524:Infinity":39,"b:526:4:538:Infinity:undefined:undefined:undefined:undefined":40,"s:526:4:538:Infinity":126,"s:527:6:529:Infinity":127,"s:530:6:537:Infinity":128,"b:541:4:553:Infinity:undefined:undefined:undefined:undefined":41,"s:541:4:553:Infinity":129,"s:542:6:544:Infinity":130,"s:545:6:552:Infinity":131,"b:556:4:568:Infinity:undefined:undefined:undefined:undefined":42,"s:556:4:568:Infinity":132,"s:557:6:559:Infinity":133,"s:560:6:567:Infinity":134,"s:570:4:572:Infinity":135,"s:575:24:575:Infinity":136,"b:576:4:585:Infinity:undefined:undefined:undefined:undefined":43,"s:576:4:585:Infinity":137,"s:577:6:584:Infinity":138,"s:588:20:588:Infinity":139,"s:589:19:589:Infinity":140,"b:591:4:604:Infinity:undefined:undefined:undefined:undefined":44,"s:591:4:604:Infinity":141,"s:592:12:592:Infinity":142,"s:593:6:595:Infinity":143,"s:596:6:603:Infinity":144,"s:607:22:607:Infinity":145,"s:608:10:608:Infinity":146,"b:610:4:628:Infinity:624:11:628:Infinity":45,"s:610:4:628:Infinity":147,"s:611:6:613:Infinity":148,"s:615:6:623:Infinity":149,"s:625:6:627:Infinity":150,"s:630:4:639:Infinity":151,"b:636:10:636:Infinity:637:10:637:Infinity":46,"f:650:8:650:28":24,"s:651:18:651:Infinity":152,"s:654:16:654:Infinity":153,"b:654:42:654:51:654:51:654:Infinity":47,"b:654:76:654:84:654:84:654:Infinity":48,"b:656:4:666:Infinity:undefined:undefined:undefined:undefined":49,"s:656:4:666:Infinity":154,"s:657:6:657:Infinity":155,"s:658:6:665:Infinity":156,"b:669:4:681:Infinity:undefined:undefined:undefined:undefined":50,"s:669:4:681:Infinity":157,"s:670:6:672:Infinity":158,"s:673:6:680:Infinity":159,"b:684:4:696:Infinity:undefined:undefined:undefined:undefined":51,"s:684:4:696:Infinity":160,"s:685:6:687:Infinity":161,"s:688:6:695:Infinity":162,"s:698:4:698:Infinity":163,"s:701:17:701:Infinity":164,"b:703:4:709:Infinity:undefined:undefined:undefined:undefined":52,"s:703:4:709:Infinity":165,"s:705:6:707:Infinity":166,"s:708:6:708:Infinity":167,"b:711:4:724:Infinity:undefined:undefined:undefined:undefined":53,"s:711:4:724:Infinity":168,"s:712:12:712:Infinity":169,"s:713:6:715:Infinity":170,"s:716:6:723:Infinity":171,"s:727:23:727:Infinity":172,"b:727:23:727:52:727:52:727:Infinity":54,"s:728:19:728:Infinity":173,"b:728:48:728:60:728:60:728:Infinity":55,"s:729:25:729:Infinity":174,"s:731:10:731:Infinity":175,"b:733:4:749:Infinity:745:11:749:Infinity":56,"s:733:4:749:Infinity":176,"s:734:6:734:Infinity":177,"s:736:6:744:Infinity":178,"s:746:6:748:Infinity":179,"s:751:4:760:Infinity":180,"b:757:10:757:Infinity:758:10:758:Infinity":57,"f:770:8:770:26":25,"s:771:18:771:Infinity":181,"b:773:4:783:Infinity:undefined:undefined:undefined:undefined":58,"s:773:4:783:Infinity":182,"s:774:6:774:Infinity":183,"s:775:6:782:Infinity":184,"b:786:4:798:Infinity:undefined:undefined:undefined:undefined":59,"s:786:4:798:Infinity":185,"s:787:6:789:Infinity":186,"s:790:6:797:Infinity":187,"b:801:4:813:Infinity:undefined:undefined:undefined:undefined":60,"s:801:4:813:Infinity":188,"s:802:6:804:Infinity":189,"s:805:6:812:Infinity":190,"s:815:4:815:Infinity":191,"s:818:17:818:Infinity":192,"b:820:4:826:Infinity:undefined:undefined:undefined:undefined":61,"s:820:4:826:Infinity":193,"s:822:6:824:Infinity":194,"s:825:6:825:Infinity":195,"s:828:10:828:Infinity":196,"b:830:4:842:Infinity:undefined:undefined:undefined:undefined":62,"s:830:4:842:Infinity":197,"s:831:6:833:Infinity":198,"s:834:6:841:Infinity":199,"s:845:22:845:Infinity":200,"b:847:4:854:Infinity:849:11:854:Infinity":63,"s:847:4:854:Infinity":201,"s:848:6:848:Infinity":202,"s:851:6:853:Infinity":203,"s:857:4:865:Infinity":204,"s:867:4:877:Infinity":205,"b:874:10:874:Infinity:875:10:875:Infinity":64,"f:887:8:887:23":26,"s:888:18:888:Infinity":206,"s:889:19:889:Infinity":207,"b:891:4:900:Infinity:undefined:undefined:undefined:undefined":65,"s:891:4:900:Infinity":208,"s:892:6:899:Infinity":209,"s:902:4:904:Infinity":210,"s:907:22:907:Infinity":211,"s:908:23:908:Infinity":212,"b:908:35:908:52:908:52:908:Infinity":66,"s:910:20:910:Infinity":213,"s:911:20:911:Infinity":214,"s:913:4:946:Infinity":215,"b:915:6:920:Infinity:undefined:undefined:undefined:undefined":67,"s:915:6:920:Infinity":216,"s:916:8:918:Infinity":217,"s:919:8:919:Infinity":218,"s:922:26:922:Infinity":219,"b:923:6:923:Infinity:undefined:undefined:undefined:undefined":68,"s:923:6:923:Infinity":220,"s:923:36:923:Infinity":221,"s:925:22:925:Infinity":222,"s:926:21:926:Infinity":223,"b:928:6:944:Infinity:undefined:undefined:undefined:undefined":69,"s:928:6:944:Infinity":224,"s:929:8:929:Infinity":225,"s:930:8:932:Infinity":226,"s:934:8:942:Infinity":227,"s:943:8:943:Infinity":228,"s:945:6:945:Infinity":229,"b:948:4:961:Infinity:undefined:undefined:undefined:undefined":70,"s:948:4:961:Infinity":230,"s:949:12:949:Infinity":231,"s:950:6:952:Infinity":232,"s:953:6:960:Infinity":233,"s:964:21:964:Infinity":234,"s:965:10:965:Infinity":235,"b:967:4:975:Infinity:971:11:975:Infinity":71,"s:967:4:975:Infinity":236,"s:968:6:970:Infinity":237,"s:972:6:974:Infinity":238,"s:977:4:987:Infinity":239,"b:984:10:984:Infinity:985:10:985:Infinity":72,"f:995:16:995:49":27,"b:996:4:998:Infinity:undefined:undefined:undefined:undefined":73,"s:996:4:998:Infinity":240,"s:997:6:997:Infinity":241,"s:999:4:999:Infinity":242,"f:1005:10:1005:24":28,"b:1007:4:1010:Infinity:undefined:undefined:undefined:undefined":74,"s:1007:4:1010:Infinity":243,"s:1008:24:1008:Infinity":244,"b:1009:6:1009:Infinity:undefined:undefined:undefined:undefined":75,"s:1009:6:1009:Infinity":245,"s:1009:29:1009:Infinity":246,"s:1013:4:1020:Infinity":247,"s:1014:29:1014:Infinity":248,"b:1015:6:1017:Infinity:undefined:undefined:undefined:undefined":76,"s:1015:6:1017:Infinity":249,"b:1015:10:1015:36:1015:36:1015:73":77,"s:1016:8:1016:Infinity":250,"s:1022:4:1022:Infinity":251}}}
,"/home/robert/kali-defense-mcp-server/src/core/backup-manager.ts": {"path":"/home/robert/kali-defense-mcp-server/src/core/backup-manager.ts","statementMap":{"0":{"start":{"line":39,"column":23},"end":{"line":39,"column":null}},"1":{"start":{"line":40,"column":23},"end":{"line":40,"column":null}},"2":{"start":{"line":41,"column":22},"end":{"line":41,"column":null}},"3":{"start":{"line":58,"column":2},"end":{"line":62,"column":null}},"4":{"start":{"line":59,"column":4},"end":{"line":61,"column":null}},"5":{"start":{"line":65,"column":8},"end":{"line":65,"column":null}},"6":{"start":{"line":66,"column":8},"end":{"line":66,"column":null}},"7":{"start":{"line":69,"column":2},"end":{"line":73,"column":null}},"8":{"start":{"line":70,"column":4},"end":{"line":72,"column":null}},"9":{"start":{"line":76,"column":2},"end":{"line":90,"column":null}},"10":{"start":{"line":77,"column":4},"end":{"line":89,"column":null}},"11":{"start":{"line":78,"column":12},"end":{"line":78,"column":null}},"12":{"start":{"line":79,"column":6},"end":{"line":83,"column":null}},"13":{"start":{"line":80,"column":8},"end":{"line":82,"column":null}},"14":{"start":{"line":85,"column":6},"end":{"line":87,"column":null}},"15":{"start":{"line":86,"column":8},"end":{"line":86,"column":null}},"16":{"start":{"line":100,"column":4},"end":{"line":100,"column":null}},"17":{"start":{"line":101,"column":4},"end":{"line":101,"column":null}},"18":{"start":{"line":106,"column":4},"end":{"line":106,"column":null}},"19":{"start":{"line":111,"column":4},"end":{"line":122,"column":null}},"20":{"start":{"line":112,"column":6},"end":{"line":119,"column":null}},"21":{"start":{"line":113,"column":14},"end":{"line":113,"column":null}},"22":{"start":{"line":114,"column":23},"end":{"line":114,"column":null}},"23":{"start":{"line":115,"column":8},"end":{"line":118,"column":null}},"24":{"start":{"line":117,"column":10},"end":{"line":117,"column":null}},"25":{"start":{"line":123,"column":4},"end":{"line":123,"column":null}},"26":{"start":{"line":128,"column":4},"end":{"line":128,"column":null}},"27":{"start":{"line":129,"column":4},"end":{"line":129,"column":null}},"28":{"start":{"line":137,"column":22},"end":{"line":137,"column":null}},"29":{"start":{"line":138,"column":4},"end":{"line":138,"column":null}},"30":{"start":{"line":140,"column":4},"end":{"line":142,"column":null}},"31":{"start":{"line":141,"column":6},"end":{"line":141,"column":null}},"32":{"start":{"line":144,"column":10},"end":{"line":144,"column":null}},"33":{"start":{"line":145,"column":16},"end":{"line":145,"column":null}},"34":{"start":{"line":146,"column":15},"end":{"line":146,"column":null}},"35":{"start":{"line":147,"column":10},"end":{"line":147,"column":null}},"36":{"start":{"line":148,"column":23},"end":{"line":148,"column":null}},"37":{"start":{"line":149,"column":10},"end":{"line":149,"column":null}},"38":{"start":{"line":152,"column":4},"end":{"line":152,"column":null}},"39":{"start":{"line":154,"column":4},"end":{"line":154,"column":null}},"40":{"start":{"line":156,"column":10},"end":{"line":156,"column":null}},"41":{"start":{"line":157,"column":31},"end":{"line":163,"column":null}},"42":{"start":{"line":165,"column":21},"end":{"line":165,"column":null}},"43":{"start":{"line":166,"column":4},"end":{"line":166,"column":null}},"44":{"start":{"line":167,"column":4},"end":{"line":167,"column":null}},"45":{"start":{"line":169,"column":4},"end":{"line":169,"column":null}},"46":{"start":{"line":170,"column":4},"end":{"line":170,"column":null}},"47":{"start":{"line":178,"column":18},"end":{"line":178,"column":null}},"48":{"start":{"line":179,"column":4},"end":{"line":179,"column":null}},"49":{"start":{"line":186,"column":22},"end":{"line":186,"column":null}},"50":{"start":{"line":187,"column":21},"end":{"line":187,"column":null}},"51":{"start":{"line":188,"column":18},"end":{"line":188,"column":null}},"52":{"start":{"line":188,"column":47},"end":{"line":188,"column":65}},"53":{"start":{"line":190,"column":4},"end":{"line":192,"column":null}},"54":{"start":{"line":191,"column":6},"end":{"line":191,"column":null}},"55":{"start":{"line":194,"column":4},"end":{"line":196,"column":null}},"56":{"start":{"line":195,"column":6},"end":{"line":195,"column":null}},"57":{"start":{"line":199,"column":4},"end":{"line":199,"column":null}},"58":{"start":{"line":201,"column":4},"end":{"line":201,"column":null}},"59":{"start":{"line":202,"column":4},"end":{"line":202,"column":null}},"60":{"start":{"line":203,"column":4},"end":{"line":203,"column":null}},"61":{"start":{"line":210,"column":21},"end":{"line":210,"column":null}},"62":{"start":{"line":211,"column":4},"end":{"line":213,"column":null}},"63":{"start":{"line":212,"column":16},"end":{"line":212,"column":null}},"64":{"start":{"line":220,"column":17},"end":{"line":220,"column":null}},"65":{"start":{"line":221,"column":19},"end":{"line":221,"column":null}},"66":{"start":{"line":222,"column":21},"end":{"line":222,"column":null}},"67":{"start":{"line":224,"column":32},"end":{"line":224,"column":null}},"68":{"start":{"line":225,"column":34},"end":{"line":225,"column":null}},"69":{"start":{"line":227,"column":4},"end":{"line":233,"column":null}},"70":{"start":{"line":228,"column":6},"end":{"line":232,"column":null}},"71":{"start":{"line":229,"column":8},"end":{"line":229,"column":null}},"72":{"start":{"line":231,"column":8},"end":{"line":231,"column":null}},"73":{"start":{"line":235,"column":4},"end":{"line":243,"column":null}},"74":{"start":{"line":236,"column":6},"end":{"line":242,"column":null}},"75":{"start":{"line":237,"column":8},"end":{"line":239,"column":null}},"76":{"start":{"line":238,"column":10},"end":{"line":238,"column":null}},"77":{"start":{"line":241,"column":8},"end":{"line":241,"column":null}},"78":{"start":{"line":245,"column":4},"end":{"line":245,"column":null}},"79":{"start":{"line":246,"column":4},"end":{"line":246,"column":null}},"80":{"start":{"line":248,"column":4},"end":{"line":248,"column":null}}},"fnMap":{"0":{"name":"validateBackupPath","decl":{"start":{"line":56,"column":16},"end":{"line":56,"column":35}},"loc":{"start":{"line":56,"column":76},"end":{"line":91,"column":null}},"line":56},"1":{"name":"(anonymous_1)","decl":{"start":{"line":99,"column":2},"end":{"line":99,"column":14}},"loc":{"start":{"line":99,"column":34},"end":{"line":102,"column":null}},"line":99},"2":{"name":"(anonymous_2)","decl":{"start":{"line":105,"column":10},"end":{"line":105,"column":28}},"loc":{"start":{"line":105,"column":28},"end":{"line":107,"column":null}},"line":105},"3":{"name":"(anonymous_3)","decl":{"start":{"line":110,"column":10},"end":{"line":110,"column":41}},"loc":{"start":{"line":110,"column":41},"end":{"line":124,"column":null}},"line":110},"4":{"name":"(anonymous_4)","decl":{"start":{"line":127,"column":10},"end":{"line":127,"column":24}},"loc":{"start":{"line":127,"column":56},"end":{"line":130,"column":null}},"line":127},"5":{"name":"(anonymous_5)","decl":{"start":{"line":136,"column":2},"end":{"line":136,"column":13}},"loc":{"start":{"line":136,"column":44},"end":{"line":171,"column":null}},"line":136},"6":{"name":"(anonymous_6)","decl":{"start":{"line":177,"column":8},"end":{"line":177,"column":15}},"loc":{"start":{"line":177,"column":50},"end":{"line":180,"column":null}},"line":177},"7":{"name":"(anonymous_7)","decl":{"start":{"line":185,"column":8},"end":{"line":185,"column":16}},"loc":{"start":{"line":185,"column":49},"end":{"line":204,"column":null}},"line":185},"8":{"name":"(anonymous_8)","decl":{"start":{"line":188,"column":40},"end":{"line":188,"column":41}},"loc":{"start":{"line":188,"column":47},"end":{"line":188,"column":65}},"line":188},"9":{"name":"(anonymous_9)","decl":{"start":{"line":209,"column":8},"end":{"line":209,"column":46}},"loc":{"start":{"line":209,"column":46},"end":{"line":214,"column":null}},"line":209},"10":{"name":"(anonymous_10)","decl":{"start":{"line":212,"column":6},"end":{"line":212,"column":7}},"loc":{"start":{"line":212,"column":16},"end":{"line":212,"column":null}},"line":212},"11":{"name":"(anonymous_11)","decl":{"start":{"line":219,"column":8},"end":{"line":219,"column":24}},"loc":{"start":{"line":219,"column":56},"end":{"line":249,"column":null}},"line":219}},"branchMap":{"0":{"loc":{"start":{"line":58,"column":2},"end":{"line":62,"column":null}},"type":"if","locations":[{"start":{"line":58,"column":2},"end":{"line":62,"column":null}},{"start":{},"end":{}}],"line":58},"1":{"loc":{"start":{"line":69,"column":2},"end":{"line":73,"column":null}},"type":"if","locations":[{"start":{"line":69,"column":2},"end":{"line":73,"column":null}},{"start":{},"end":{}}],"line":69},"2":{"loc":{"start":{"line":69,"column":6},"end":{"line":69,"column":77}},"type":"binary-expr","locations":[{"start":{"line":69,"column":6},"end":{"line":69,"column":50}},{"start":{"line":69,"column":50},"end":{"line":69,"column":77}}],"line":69},"3":{"loc":{"start":{"line":76,"column":2},"end":{"line":90,"column":null}},"type":"if","locations":[{"start":{"line":76,"column":2},"end":{"line":90,"column":null}},{"start":{},"end":{}}],"line":76},"4":{"loc":{"start":{"line":79,"column":6},"end":{"line":83,"column":null}},"type":"if","locations":[{"start":{"line":79,"column":6},"end":{"line":83,"column":null}},{"start":{},"end":{}}],"line":79},"5":{"loc":{"start":{"line":85,"column":6},"end":{"line":87,"column":null}},"type":"if","locations":[{"start":{"line":85,"column":6},"end":{"line":87,"column":null}},{"start":{},"end":{}}],"line":85},"6":{"loc":{"start":{"line":85,"column":10},"end":{"line":85,"column":71}},"type":"binary-expr","locations":[{"start":{"line":85,"column":10},"end":{"line":85,"column":34}},{"start":{"line":85,"column":34},"end":{"line":85,"column":71}}],"line":85},"7":{"loc":{"start":{"line":100,"column":21},"end":{"line":100,"column":null}},"type":"binary-expr","locations":[{"start":{"line":100,"column":21},"end":{"line":100,"column":34}},{"start":{"line":100,"column":21},"end":{"line":100,"column":null}}],"line":100},"8":{"loc":{"start":{"line":112,"column":6},"end":{"line":119,"column":null}},"type":"if","locations":[{"start":{"line":112,"column":6},"end":{"line":119,"column":null}},{"start":{},"end":{}}],"line":112},"9":{"loc":{"start":{"line":115,"column":8},"end":{"line":118,"column":null}},"type":"if","locations":[{"start":{"line":115,"column":8},"end":{"line":118,"column":null}},{"start":{},"end":{}}],"line":115},"10":{"loc":{"start":{"line":115,"column":12},"end":{"line":115,"column":53}},"type":"binary-expr","locations":[{"start":{"line":115,"column":12},"end":{"line":115,"column":22}},{"start":{"line":115,"column":22},"end":{"line":115,"column":53}}],"line":115},"11":{"loc":{"start":{"line":140,"column":4},"end":{"line":142,"column":null}},"type":"if","locations":[{"start":{"line":140,"column":4},"end":{"line":142,"column":null}},{"start":{},"end":{}}],"line":140},"12":{"loc":{"start":{"line":190,"column":4},"end":{"line":192,"column":null}},"type":"if","locations":[{"start":{"line":190,"column":4},"end":{"line":192,"column":null}},{"start":{},"end":{}}],"line":190},"13":{"loc":{"start":{"line":194,"column":4},"end":{"line":196,"column":null}},"type":"if","locations":[{"start":{"line":194,"column":4},"end":{"line":196,"column":null}},{"start":{},"end":{}}],"line":194},"14":{"loc":{"start":{"line":228,"column":6},"end":{"line":232,"column":null}},"type":"if","locations":[{"start":{"line":228,"column":6},"end":{"line":232,"column":null}},{"start":{"line":230,"column":13},"end":{"line":232,"column":null}}],"line":228},"15":{"loc":{"start":{"line":237,"column":8},"end":{"line":239,"column":null}},"type":"if","locations":[{"start":{"line":237,"column":8},"end":{"line":239,"column":null}},{"start":{},"end":{}}],"line":237},"16":{"loc":{"start":{"line":241,"column":80},"end":{"line":241,"column":128}},"type":"cond-expr","locations":[{"start":{"line":241,"column":103},"end":{"line":241,"column":117}},{"start":{"line":241,"column":117},"end":{"line":241,"column":128}}],"line":241}},"s":{"0":2,"1":2,"2":2,"3":38,"4":2,"5":36,"6":36,"7":36,"8":1,"9":35,"10":5,"11":5,"12":5,"13":1,"14":1,"15":1,"16":34,"17":34,"18":64,"19":41,"20":41,"21":14,"22":14,"23":14,"24":13,"25":28,"26":33,"27":33,"28":32,"29":32,"30":32,"31":1,"32":30,"33":30,"34":30,"35":30,"36":30,"37":30,"38":30,"39":30,"40":30,"41":30,"42":30,"43":30,"44":30,"45":30,"46":30,"47":3,"48":3,"49":4,"50":4,"51":4,"52":2,"53":4,"54":1,"55":2,"56":0,"57":2,"58":2,"59":2,"60":2,"61":5,"62":5,"63":2,"64":5,"65":5,"66":5,"67":5,"68":5,"69":5,"70":3,"71":2,"72":1,"73":3,"74":2,"75":2,"76":2,"77":0,"78":3,"79":3,"80":3},"f":{"0":38,"1":34,"2":64,"3":41,"4":33,"5":32,"6":3,"7":4,"8":2,"9":5,"10":2,"11":5},"b":{"0":[2,36],"1":[1,35],"2":[36,2],"3":[5,30],"4":[1,4],"5":[1,0],"6":[1,1],"7":[34,1],"8":[14,27],"9":[13,1],"10":[14,13],"11":[1,31],"12":[1,3],"13":[0,2],"14":[2,1],"15":[2,0],"16":[0,0]},"meta":{"lastBranch":17,"lastFunction":12,"lastStatement":81,"seen":{"s:39:23:39:Infinity":0,"s:40:23:40:Infinity":1,"s:41:22:41:Infinity":2,"f:56:16:56:35":0,"b:58:2:62:Infinity:undefined:undefined:undefined:undefined":0,"s:58:2:62:Infinity":3,"s:59:4:61:Infinity":4,"s:65:8:65:Infinity":5,"s:66:8:66:Infinity":6,"b:69:2:73:Infinity:undefined:undefined:undefined:undefined":1,"s:69:2:73:Infinity":7,"b:69:6:69:50:69:50:69:77":2,"s:70:4:72:Infinity":8,"b:76:2:90:Infinity:undefined:undefined:undefined:undefined":3,"s:76:2:90:Infinity":9,"s:77:4:89:Infinity":10,"s:78:12:78:Infinity":11,"b:79:6:83:Infinity:undefined:undefined:undefined:undefined":4,"s:79:6:83:Infinity":12,"s:80:8:82:Infinity":13,"b:85:6:87:Infinity:undefined:undefined:undefined:undefined":5,"s:85:6:87:Infinity":14,"b:85:10:85:34:85:34:85:71":6,"s:86:8:86:Infinity":15,"f:99:2:99:14":1,"s:100:4:100:Infinity":16,"b:100:21:100:34:100:21:100:Infinity":7,"s:101:4:101:Infinity":17,"f:105:10:105:28":2,"s:106:4:106:Infinity":18,"f:110:10:110:41":3,"s:111:4:122:Infinity":19,"b:112:6:119:Infinity:undefined:undefined:undefined:undefined":8,"s:112:6:119:Infinity":20,"s:113:14:113:Infinity":21,"s:114:23:114:Infinity":22,"b:115:8:118:Infinity:undefined:undefined:undefined:undefined":9,"s:115:8:118:Infinity":23,"b:115:12:115:22:115:22:115:53":10,"s:117:10:117:Infinity":24,"s:123:4:123:Infinity":25,"f:127:10:127:24":4,"s:128:4:128:Infinity":26,"s:129:4:129:Infinity":27,"f:136:2:136:13":5,"s:137:22:137:Infinity":28,"s:138:4:138:Infinity":29,"b:140:4:142:Infinity:undefined:undefined:undefined:undefined":11,"s:140:4:142:Infinity":30,"s:141:6:141:Infinity":31,"s:144:10:144:Infinity":32,"s:145:16:145:Infinity":33,"s:146:15:146:Infinity":34,"s:147:10:147:Infinity":35,"s:148:23:148:Infinity":36,"s:149:10:149:Infinity":37,"s:152:4:152:Infinity":38,"s:154:4:154:Infinity":39,"s:156:10:156:Infinity":40,"s:157:31:163:Infinity":41,"s:165:21:165:Infinity":42,"s:166:4:166:Infinity":43,"s:167:4:167:Infinity":44,"s:169:4:169:Infinity":45,"s:170:4:170:Infinity":46,"f:177:8:177:15":6,"s:178:18:178:Infinity":47,"s:179:4:179:Infinity":48,"f:185:8:185:16":7,"s:186:22:186:Infinity":49,"s:187:21:187:Infinity":50,"s:188:18:188:Infinity":51,"f:188:40:188:41":8,"s:188:47:188:65":52,"b:190:4:192:Infinity:undefined:undefined:undefined:undefined":12,"s:190:4:192:Infinity":53,"s:191:6:191:Infinity":54,"b:194:4:196:Infinity:undefined:undefined:undefined:undefined":13,"s:194:4:196:Infinity":55,"s:195:6:195:Infinity":56,"s:199:4:199:Infinity":57,"s:201:4:201:Infinity":58,"s:202:4:202:Infinity":59,"s:203:4:203:Infinity":60,"f:209:8:209:46":9,"s:210:21:210:Infinity":61,"s:211:4:213:Infinity":62,"f:212:6:212:7":10,"s:212:16:212:Infinity":63,"f:219:8:219:24":11,"s:220:17:220:Infinity":64,"s:221:19:221:Infinity":65,"s:222:21:222:Infinity":66,"s:224:32:224:Infinity":67,"s:225:34:225:Infinity":68,"s:227:4:233:Infinity":69,"b:228:6:232:Infinity:230:13:232:Infinity":14,"s:228:6:232:Infinity":70,"s:229:8:229:Infinity":71,"s:231:8:231:Infinity":72,"s:235:4:243:Infinity":73,"s:236:6:242:Infinity":74,"b:237:8:239:Infinity:undefined:undefined:undefined:undefined":15,"s:237:8:239:Infinity":75,"s:238:10:238:Infinity":76,"s:241:8:241:Infinity":77,"b:241:103:241:117:241:117:241:128":16,"s:245:4:245:Infinity":78,"s:246:4:246:Infinity":79,"s:248:4:248:Infinity":80}}}
,"/home/robert/kali-defense-mcp-server/src/core/changelog.ts": {"path":"/home/robert/kali-defense-mcp-server/src/core/changelog.ts","statementMap":{"0":{"start":{"line":58,"column":2},"end":{"line":63,"column":null}},"1":{"start":{"line":61,"column":19},"end":{"line":61,"column":83}},"2":{"start":{"line":61,"column":25},"end":{"line":61,"column":53}},"3":{"start":{"line":61,"column":63},"end":{"line":61,"column":81}},"4":{"start":{"line":68,"column":30},"end":{"line":68,"column":null}},"5":{"start":{"line":74,"column":2},"end":{"line":87,"column":null}},"6":{"start":{"line":75,"column":10},"end":{"line":75,"column":null}},"7":{"start":{"line":76,"column":19},"end":{"line":76,"column":null}},"8":{"start":{"line":78,"column":4},"end":{"line":80,"column":null}},"9":{"start":{"line":79,"column":6},"end":{"line":79,"column":null}},"10":{"start":{"line":82,"column":4},"end":{"line":84,"column":null}},"11":{"start":{"line":83,"column":6},"end":{"line":83,"column":null}},"12":{"start":{"line":88,"column":2},"end":{"line":88,"column":null}},"13":{"start":{"line":98,"column":2},"end":{"line":122,"column":null}},"14":{"start":{"line":99,"column":10},"end":{"line":99,"column":null}},"15":{"start":{"line":100,"column":26},"end":{"line":100,"column":null}},"16":{"start":{"line":101,"column":10},"end":{"line":101,"column":null}},"17":{"start":{"line":104,"column":4},"end":{"line":104,"column":null}},"18":{"start":{"line":107,"column":18},"end":{"line":107,"column":null}},"19":{"start":{"line":110,"column":4},"end":{"line":110,"column":null}},"20":{"start":{"line":113,"column":4},"end":{"line":115,"column":null}},"21":{"start":{"line":114,"column":6},"end":{"line":114,"column":null}},"22":{"start":{"line":118,"column":4},"end":{"line":118,"column":null}},"23":{"start":{"line":120,"column":20},"end":{"line":120,"column":null}},"24":{"start":{"line":121,"column":4},"end":{"line":121,"column":null}},"25":{"start":{"line":132,"column":2},"end":{"line":149,"column":null}},"26":{"start":{"line":133,"column":10},"end":{"line":133,"column":null}},"27":{"start":{"line":134,"column":18},"end":{"line":134,"column":null}},"28":{"start":{"line":137,"column":19},"end":{"line":140,"column":null}},"29":{"start":{"line":139,"column":8},"end":{"line":139,"column":null}},"30":{"start":{"line":142,"column":4},"end":{"line":144,"column":null}},"31":{"start":{"line":143,"column":6},"end":{"line":143,"column":null}},"32":{"start":{"line":146,"column":4},"end":{"line":146,"column":null}},"33":{"start":{"line":148,"column":4},"end":{"line":148,"column":null}},"34":{"start":{"line":160,"column":8},"end":{"line":160,"column":null}},"35":{"start":{"line":161,"column":18},"end":{"line":161,"column":null}},"36":{"start":{"line":162,"column":16},"end":{"line":162,"column":null}},"37":{"start":{"line":163,"column":2},"end":{"line":163,"column":null}},"38":{"start":{"line":174,"column":8},"end":{"line":174,"column":null}},"39":{"start":{"line":175,"column":2},"end":{"line":175,"column":null}},"40":{"start":{"line":177,"column":2},"end":{"line":177,"column":null}},"41":{"start":{"line":179,"column":2},"end":{"line":181,"column":null}}},"fnMap":{"0":{"name":"createChangeEntry","decl":{"start":{"line":55,"column":16},"end":{"line":55,"column":null}},"loc":{"start":{"line":57,"column":15},"end":{"line":64,"column":null}},"line":57},"1":{"name":"(anonymous_1)","decl":{"start":{"line":61,"column":11},"end":{"line":61,"column":17}},"loc":{"start":{"line":61,"column":17},"end":{"line":61,"column":86}},"line":61},"2":{"name":"loadChangelogState","decl":{"start":{"line":73,"column":9},"end":{"line":73,"column":28}},"loc":{"start":{"line":73,"column":67},"end":{"line":89,"column":null}},"line":73},"3":{"name":"logChange","decl":{"start":{"line":97,"column":16},"end":{"line":97,"column":26}},"loc":{"start":{"line":97,"column":52},"end":{"line":123,"column":null}},"line":97},"4":{"name":"getChangelog","decl":{"start":{"line":131,"column":16},"end":{"line":131,"column":29}},"loc":{"start":{"line":131,"column":60},"end":{"line":150,"column":null}},"line":131},"5":{"name":"(anonymous_5)","decl":{"start":{"line":138,"column":6},"end":{"line":138,"column":7}},"loc":{"start":{"line":139,"column":8},"end":{"line":139,"column":null}},"line":139},"6":{"name":"backupFile","decl":{"start":{"line":159,"column":16},"end":{"line":159,"column":27}},"loc":{"start":{"line":159,"column":53},"end":{"line":164,"column":null}},"line":159},"7":{"name":"restoreFile","decl":{"start":{"line":172,"column":16},"end":{"line":172,"column":28}},"loc":{"start":{"line":172,"column":76},"end":{"line":182,"column":null}},"line":172}},"branchMap":{"0":{"loc":{"start":{"line":78,"column":4},"end":{"line":80,"column":null}},"type":"if","locations":[{"start":{"line":78,"column":4},"end":{"line":80,"column":null}},{"start":{},"end":{}}],"line":78},"1":{"loc":{"start":{"line":82,"column":4},"end":{"line":84,"column":null}},"type":"if","locations":[{"start":{"line":82,"column":4},"end":{"line":84,"column":null}},{"start":{},"end":{}}],"line":82},"2":{"loc":{"start":{"line":82,"column":8},"end":{"line":82,"column":79}},"type":"binary-expr","locations":[{"start":{"line":82,"column":8},"end":{"line":82,"column":18}},{"start":{"line":82,"column":18},"end":{"line":82,"column":48}},{"start":{"line":82,"column":48},"end":{"line":82,"column":79}}],"line":82},"3":{"loc":{"start":{"line":113,"column":4},"end":{"line":115,"column":null}},"type":"if","locations":[{"start":{"line":113,"column":4},"end":{"line":115,"column":null}},{"start":{},"end":{}}],"line":113},"4":{"loc":{"start":{"line":120,"column":20},"end":{"line":120,"column":null}},"type":"cond-expr","locations":[{"start":{"line":120,"column":43},"end":{"line":120,"column":57}},{"start":{"line":120,"column":57},"end":{"line":120,"column":null}}],"line":120},"5":{"loc":{"start":{"line":142,"column":4},"end":{"line":144,"column":null}},"type":"if","locations":[{"start":{"line":142,"column":4},"end":{"line":144,"column":null}},{"start":{},"end":{}}],"line":142},"6":{"loc":{"start":{"line":142,"column":8},"end":{"line":142,"column":42}},"type":"binary-expr","locations":[{"start":{"line":142,"column":8},"end":{"line":142,"column":31}},{"start":{"line":142,"column":31},"end":{"line":142,"column":42}}],"line":142}},"s":{"0":21,"1":21,"2":21,"3":0,"4":1
[...]
,"/home/robert/kali-defense-mcp-server/src/core/tool-wrapper.ts": {"path":"/home/robert/kali-defense-mcp-server/src/core/tool-wrapper.ts","statementMap":{"0":{"start":{"line":38,"column":29},"end":{"line":45,"column":null}},"1":{"start":{"line":107,"column":6},"end":{"line":107,"column":null}},"2":{"start":{"line":110,"column":2},"end":{"line":115,"column":null}},"3":{"start":{"line":111,"column":4},"end":{"line":113,"column":null}},"4":{"start":{"line":114,"column":4},"end":{"line":114,"column":null}},"5":{"start":{"line":117,"column":20},"end":{"line":120,"column":null}},"6":{"start":{"line":123,"column":26},"end":{"line":123,"column":null}},"7":{"start":{"line":124,"column":19},"end":{"line":124,"column":null}},"8":{"start":{"line":126,"column":22},"end":{"line":126,"column":null}},"9":{"start":{"line":128,"column":34},"end":{"line":135,"column":null}},"10":{"start":{"line":137,"column":2},"end":{"line":139,"column":null}},"11":{"start":{"line":144,"column":2},"end":{"line":151,"column":null}},"12":{"start":{"line":146,"column":6},"end":{"line":148,"column":null}},"13":{"start":{"line":147,"column":8},"end":{"line":147,"column":null}},"14":{"start":{"line":149,"column":6},"end":{"line":149,"column":null}},"15":{"start":{"line":165,"column":2},"end":{"line":165,"column":null}},"16":{"start":{"line":166,"column":2},"end":{"line":166,"column":null}},"17":{"start":{"line":190,"column":24},"end":{"line":190,"column":null}},"18":{"start":{"line":194,"column":2},"end":{"line":223,"column":null}},"19":{"start":{"line":196,"column":4},"end":{"line":198,"column":null}},"20":{"start":{"line":197,"column":6},"end":{"line":197,"column":null}},"21":{"start":{"line":200,"column":21},"end":{"line":200,"column":null}},"22":{"start":{"line":203,"column":4},"end":{"line":205,"column":null}},"23":{"start":{"line":204,"column":6},"end":{"line":204,"column":null}},"24":{"start":{"line":208,"column":28},"end":{"line":208,"column":null}},"25":{"start":{"line":212,"column":27},"end":{"line":216,"column":null}},"26":{"start":{"line":219,"column":24},"end":{"line":219,"column":null}},"27":{"start":{"line":220,"column":4},"end":{"line":220,"column":null}},"28":{"start":{"line":222,"column":4},"end":{"line":222,"column":null}},"29":{"start":{"line":246,"column":2},"end":{"line":404,"column":null}},"30":{"start":{"line":250,"column":6},"end":{"line":255,"column":null}},"31":{"start":{"line":258,"column":28},"end":{"line":258,"column":null}},"32":{"start":{"line":259,"column":4},"end":{"line":272,"column":null}},"33":{"start":{"line":260,"column":6},"end":{"line":262,"column":null}},"34":{"start":{"line":263,"column":6},"end":{"line":271,"column":null}},"35":{"start":{"line":275,"column":4},"end":{"line":403,"column":null}},"36":{"start":{"line":276,"column":21},"end":{"line":279,"column":null}},"37":{"start":{"line":281,"column":6},"end":{"line":317,"column":null}},"38":{"start":{"line":283,"column":29},"end":{"line":288,"column":null}},"39":{"start":{"line":285,"column":12},"end":{"line":287,"column":null}},"40":{"start":{"line":290,"column":8},"end":{"line":305,"column":null}},"41":{"start":{"line":292,"column":27},"end":{"line":292,"column":null}},"42":{"start":{"line":294,"column":12},"end":{"line":295,"column":null}},"43":{"start":{"line":297,"column":10},"end":{"line":299,"column":null}},"44":{"start":{"line":300,"column":10},"end":{"line":304,"column":null}},"45":{"start":{"line":308,"column":8},"end":{"line":316,"column":null}},"46":{"start":{"line":320,"column":26},"end":{"line":322,"column":null}},"47":{"start":{"line":327,"column":6},"end":{"line":345,"column":null}},"48":{"start":{"line":331,"column":25},"end":{"line":331,"column":null}},"49":{"start":{"line":333,"column":10},"end":{"line":334,"column":null}},"50":{"start":{"line":335,"column":29},"end":{"line":335,"column":null}},"51":{"start":{"line":337,"column":8},"end":{"line":339,"column":null}},"52":{"start":{"line":340,"column":8},"end":{"line":344,"column":null}},"53":{"start":{"line":349,"column":6},"end":{"line":366,"column":null}},"54":{"start":{"line":356,"column":10},"end":{"line":356,"column":null}},"55":{"start":{"line":357,"column":8},"end":{"line":365,"column":null}},"56":{"start":{"line":358,"column":10},"end":{"line":364,"column":null}},"57":{"start":{"line":368,"column":6},"end":{"line":368,"column":null}},"58":{"start":{"line":371,"column":6},"end":{"line":375,"column":null}},"59":{"start":{"line":377,"column":26},"end":{"line":379,"column":null}},"60":{"start":{"line":382,"column":6},"end":{"line":400,"column":null}},"61":{"start":{"line":386,"column":25},"end":{"line":386,"column":null}},"62":{"start":{"line":388,"column":10},"end":{"line":389,"column":null}},"63":{"start":{"line":390,"column":29},"end":{"line":390,"column":null}},"64":{"start":{"line":392,"column":8},"end":{"line":394,"column":null}},"65":{"start":{"line":395,"column":8},"end":{"line":399,"column":null}},"66":{"start":{"line":402,"column":6},"end":{"line":402,"column":null}},"67":{"start":{"line":419,"column":2},"end":{"line":419,"column":null}},"68":{"start":{"line":419,"column":35},"end":{"line":419,"column":null}},"69":{"start":{"line":423,"column":19},"end":{"line":423,"column":null}},"70":{"start":{"line":424,"column":2},"end":{"line":424,"column":null}},"71":{"start":{"line":424,"column":52},"end":{"line":424,"column":null}},"72":{"start":{"line":426,"column":2},"end":{"line":426,"column":null}},"73":{"start":{"line":437,"column":2},"end":{"line":439,"column":null}}},"fnMap":{"0":{"name":"createPreflightServer","decl":{"start":{"line":99,"column":16},"end":{"line":99,"column":null}},"loc":{"start":{"line":102,"column":13},"end":{"line":152,"column":null}},"line":102},"1":{"name":"(anonymous_1)","decl":{"start":{"line":145,"column":4},"end":{"line":145,"column":8}},"loc":{"start":{"line":145,"column":69},"end":{"line":150,"column":null}},"line":145},"2":{"name":"invalidatePreflightCaches","decl":{"start":{"line":164,"column":16},"end":{"line":164,"column":50}},"loc":{"start":{"line":164,"column":50},"end":{"line":167,"column":null}},"line":164},"3":{"name":"createWrappedToolMethod","decl":{"start":{"line":185,"column":9},"end":{"line":185,"column":null}},"loc":{"start":{"line":188,"column":35},"end":{"line":224,"column":null}},"line":188},"4":{"name":"(anonymous_4)","decl":{"start":{"line":194,"column":9},"end":{"line":194,"column":13}},"loc":{"start":{"line":194,"column":42},"end":{"line":223,"column":null}},"line":194},"5":{"name":"createWrappedHandler","decl":{"start":{"line":241,"column":9},"end":{"line":241,"column":null}},"loc":{"start":{"line":245,"column":46},"end":{"line":405,"column":null}},"line":245},"6":{"name":"(anonymous_6)","decl":{"start":{"line":246,"column":9},"end":{"line":246,"column":19}},"loc":{"start":{"line":246,"column":65},"end":{"line":404,"column":null}},"line":246},"7":{"name":"(anonymous_7)","decl":{"start":{"line":284,"column":10},"end":{"line":284,"column":11}},"loc":{"start":{"line":285,"column":12},"end":{"line":287,"column":null}},"line":285},"8":{"name":"shouldBypassPreflight","decl":{"start":{"line":414,"column":9},"end":{"line":414,"column":null}},"loc":{"start":{"line":417,"column":11},"end":{"line":427,"column":null}},"line":417},"9":{"name":"hasNotableInfo","decl":{"start":{"line":436,"column":9},"end":{"line":436,"column":24}},"loc":{"start":{"line":436,"column":58},"end":{"line":441,"column":null}},"line":436}},"branchMap":{"0":{"loc":{"start":{"line":101,"column":2},"end":{"line":101,"column":null}},"type":"default-arg","locations":[{"start":{"line":101,"column":28},"end":{"line":101,"column":null}}],"line":101},"1":{"loc":{"start":{"line":104,"column":4},"end":{"line":104,"column":null}},"type":"default-arg","locations":[{"start":{"line":104,"column":14},"end":{"line":104,"column":null}}],"line":104},"2":{"loc":{"start":{"line":105,"column":4},"end":{"line":105,"column":null}},"type":"default-arg","locations":[{"start":{"line":105,"column":21},"end":{"line":105,"column":null}}],"line":105},"3":{"loc":{"start":{"line":106,"column":4},"end":{"line":106,"column":null}},"type":"default-arg","locations":[{"start":{"line":106,"column":23},"end":{"line":106,"column":null}}],"line":106},"4":{"loc":{"start":{"line":110,"column":2},"end":{"line":115,"column":null}},"type":"if","locations":[{"start":{"line":110,"column":2},"end":{"line":115,"column":null}},{"start":{},"end":{}}],"line":110},"5":{"loc":{"start":{"line":146,"column":6},"end":{"line":148,"column":null}},"type":"if","locations":[{"start":{"line":146,"column":6},"end":{"line":148,"column":null}},{"start":{},"end":{}}],"line":146},"6":{"loc":{"start":{"line":196,"column":4},"end":{"line":198,"column":null}},"type":"if","locations":[{"start":{"line":196,"column":4},"end":{"line":198,"column":null}},{"start":{},"end":{}}],"line":196},"7":{"loc":{"start":{"line":203,"column":4},"end":{"line":205,"column":null}},"type":"if","locations":[{"start":{"line":203,"column":4},"end":{"line":205,"column":null}},{"start":{},"end":{}}],"line":203},"8":{"loc":{"start":{"line":250,"column":6},"end":{"line":255,"column":null}},"type":"cond-expr","locations":[{"start":{"line":254,"column":11},"end":{"line":254,"column":null}},{"start":{"line":255,"column":10},"end":{"line":255,"column":null}}],"line":250},"9":{"loc":{"start":{"line":250,"column":6},"end":{"line":253,"column":null}},"type":"binary-expr","locations":[{"start":{"line":250,"column":6},"end":{"line":250,"column":null}},{"start":{"line":251,"column":6},"end":{"line":251,"column":null}},{"start":{"line":252,"column":6},"end":{"line":252,"column":null}},{"start":{"line":253,"column":6},"end":{"line":253,"column":null}}],"line":250},"10":{"loc":{"start":{"line":259,"column":4},"end":{"line":272,"column":null}},"type":"if","locations":[{"start":{"line":259,"column":4},"end":{"line":272,"column":null}},{"start":{},"end":{}}],"line":259},"11":{"loc":{"start":{"line":281,"column":6},"end":{"line":317,"column":null}},"type":"if","locations":[{"start":{"line":281,"column":6},"end":{"line":317,"column":null}},{"start":{},"end":{}}],"line":281},"12":{"loc":{"start":{"line":285,"column":12},"end":{"line":287,"column":null}},"type":"binary-expr","locations":[{"start":{"line":285,"column":12},"end":{"line":285,"column":null}},{"start":{"line":286,"column":12},"end":{"line":286,"column":null}},{"start":{"line":287,"column":12},"end":{"line":287,"column":null}}],"line":285},"13":{"loc":{"start":{"line":290,"column":8},"end":{"line":305,"column":null}},"type":"if","locations":[{"start":{"line":290,"column":8},"end":{"line":305,"column":null}},{"start":{},"end":{}}],"line":290},"14":{"loc":{"start":{"line":294,"column":12},"end":{"line":295,"column":null}},"type":"binary-expr","locations":[{"start":{"line":294,"column":12},"end":{"line":294,"column":null}},{"start":{"line":295,"column":12},"end":{"line":295,"column":null}}],"line":294},"15":{"loc":{"start":{"line":327,"column":6},"end":{"line":345,"column":null}},"type":"if","locations":[{"start":{"line":327,"column":6},"end":{"line":345,"column":null}},{"start":{},"end":{}}],"line":327},"16":{"loc":{"start":{"line":328,"column":8},"end":{"line":329,"column":null}},"type":"binary-expr","locations":[{"start":{"line":328,"column":8},"end":{"line":328,"column":null}},{"start":{"line":329,"column":8},"end":{"line":329,"column":null}}],"line":328},"17":{"loc":{"start":{"line":333,"column":10},"end":{"line":334,"column":null}},"type":"binary-expr","locations":[{"start":{"line":333,"column":10},"end":{"line":333,"column":null}},{"start":{"line":334,"column":10},"end":{"line":334,"column":null}}],"line":333},"18":{"loc":{"start":{"line":349,"column":6},"end":{"line":366,"column":null}},"type":"if","locations":[{"start":{"line":349,"column":6},"end":{"line":366,"column":null}},{"start":{},"end":{}}],"line":349},"19":{"loc":{"start":{"line":350,"column":8},"end":{"line":353,"column":null}},"type":"binary-expr","locations":[{"start":{"line":350,"column":8},"end":{"line":350,"column":null}},{"start":{"line":351,"column":8},"end":{"line":351,"column":null}},{"start":{"line":352,"column":8},"end":{"line":352,"column":null}},{"start":{"line":353,"column":8},"end":{"line":353,"column":null}}],"line":350},"20":{"loc":{"start":{"line":357,"column":8},"end":{"line":365,"column":null}},"type":"if","locations":[{"start":{"line":357,"column":8},"end":{"line":365,"column":null}},{"start":{},"end":{}}],"line":357},"21":{"loc":{"start":{"line":373,"column":10},"end":{"line":373,"column":null}},"type":"cond-expr","locations":[{"start":{"line":373,"column":33},"end":{"line":373,"column":47}},{"start":{"line":373,"column":47},"end":{"line":373,"column":null}}],"line":373},"22":{"loc":{"start":{"line":382,"column":6},"end":{"line":400,"column":null}},"type":"if","locations":[{"start":{"line":382,"column":6},"end":{"line":400,"column":null}},{"start":{},"end":{}}],"line":382},"23":{"loc":{"start":{"line":383,"column":8},"end":{"line":384,"column":null}},"type":"binary-expr","locations":[{"start":{"line":383,"column":8},"end":{"line":383,"column":null}},{"start":{"line":384,"column":8},"end":{"line":384,"column":null}}],"line":383},"24":{"loc":{"start":{"line":388,"column":10},"end":{"line":389,"column":null}},"type":"binary-expr","locations":[{"start":{"line":388,"column":10},"end":{"line":388,"column":null}},{"start":{"line":389,"column":10},"end":{"line":389,"column":null}}],"line":388},"25":{"loc":{"start":{"line":419,"column":2},"end":{"line":419,"column":null}},"type":"if","locations":[{"start":{"line":419,"column":2},"end":{"line":419,"column":null}},{"start":{},"end":{}}],"line":419},"26":{"loc":{"start":{"line":424,"column":2},"end":{"line":424,"column":null}},"type":"if","locations":[{"start":{"line":424,"column":2},"end":{"line":424,"column":null}},{"start":{},"end":{}}],"line":424},"27":{"loc":{"start":{"line":438,"column":4},"end":{"line":439,"column":null}},"type":"binary-expr","locations":[{"start":{"line":438,"column":4},"end":{"line":438,"column":null}},{"start":{"line":439,"column":4},"end":{"line":439,"column":null}}],"line":438}},"s":{"0":1,"1":13,"2":13,"3":1,"4":1,"5":12,"6":12,"7":12,"8":12,"9":12,"10":12,"11":12,"12":29,"13":13,"14":16,"15":1,"16":1,"17":13,"18":13,"19":10,"20":1,"21":9,"22":9,"23":3,"24":6,"25":6,"26":6,"27":6,"28":6,"29":6,"30":5,"31":5,"32":5,"33":0,"34":0,"35":5,"36":5,"37":4,"38":2,"39":1,"40":2,"41":1,"42":1,"43":1,"44":1,"45":1,"46":2,"47":2,"48":1,"49":1,"50":1,"51":1,"52":1,"53":1,"54":0,"55":0,"56":0,"57":1,"58":1,"59":1,"60":1,"61":0,"62":0,"63":0,"64":0,"65":0,"66":1,"67":9,"68":3,"69":6,"70":6,"71":0,"72":6,"73":1},"f":{"0":13,"1":29,"2":1,"3":13,"4":10,"5":6,"6":5,"7":1,"8":9,"9":1},"b":{"0":[13],"1":[13],"2":[13],"3":[13],"4":[1,12],"5":[13,16],"6":[1,9],"7":[3,6],"8":[1,4],"9":[5,1,1,1],"10":[0,5],"11":[2,2],"12":[1,0,0],"13":[1,1],"14":[1,1],"15":[1,1],"16":[2,2],"17":[1,1],"18":[0,1],"19":[1,1,0,0],"20":[0,0],"21":[1,0],"22":[0,1],"23":[1,1],"24":[0,0],"25":[3,6],"26":[0,6],"27":[1,1]},"meta":{"lastBranch":28,"lastFunction":10,"lastStatement":74,"seen":{"s:38:29:45:Infinity":0,"f:99:16:99:Infinity":0,"b:101:28:101:Infinity":0,"s:107:6:107:Infinity":1,"b:104:14:104:Infinity":1,"b:105:21:105:Infinity":2,"b:106:23:106:Infinity":3,"b:110:2:115:Infinity:undefined:undefined:undefined:undefined":4,"s:110:2:115:Infinity":2,"s:111:4:113:Infinity":3,"s:114:4:114:Infinity":4,"s:117:20:120:Infinity":5,"s:123:26:123:Infinity":6,"s:124:19:124:Infinity":7,"s:126:22:126:Infinity":8,"s:128:34:135:Infinity":9,"s:137:2:139:Infinity":10,"s:144:2:151:Infinity":11,"f:145:4:145:8":1,"b:146:6:148:Infinity:undefined:undefined:undefined:undefined":5,"s:146:6:148:Infinity":12,"s:147:8:147:Infinity":13,"s:149:6:149:Infinity":14,"f:164:16:164:50":2,"s:165:2:165:Infinity":15,"s:166:2:166:Infinity":16,"f:185:9:185:Infinity":3,"s:190:24:190:Infinity":17,"s:194:2:223:Infinity":18,"f:194:9:194:13":4,"b:196:4:198:Infinity:undefined:undefined:undefined:undefined":6,"s:196:4:198:Infinity":19,"s:197:6:197:Infinity":20,"s:200:21:200:Infinity":21,"b:203:4:205:Infinity:undefined:undefined:undefined:undefined":7,"s:203:4:205:Infinity":22,"s:204:6:204:Infinity":23,"s:208:28:208:Infinity":24,"s:212:27:216:Infinity":25,"s:219:24:219:Infinity":26,"s:220:4:220:Infinity":27,"s:222:4:222:Infinity":28,"f:241:9:241:Infinity":5,"s:246:2:404:Infinity":29,"f:246:9:246:19":6,"s:250:6:255:Infinity":30,"b:254:11:254:Infinity:255:10:255:Infinity":8,"b:250:6:250:Infinity:251:6:251:Infinity:252:6:252:Infinity:253:6:253:Infinity":9,"s:258:28:258:Infinity":31,"b:259:4:272:Infinity:undefined:undefined:undefined:undefined":10,"s:259:4:272:Infinity":32,"s:260:6:262:Infinity":33,"s:263:6:271:Infinity":34,"s:275:4:403:Infinity":35,"s:276:21:279:Infinity":36,"b:281:6:317:Infinity:undefined:undefined:undefined:undefined":11,"s:281:6:317:Infinity":37,"s:283:29:288:Infinity":38,"f:284:10:284:11":7,"s:285:12:287:Infinity":39,"b:285:12:285:Infinity:286:12:286:Infinity:287:12:287:Infinity":12,"b:290:8:305:Infinity:undefined:undefined:undefined:undefined":13,"s:290:8:305:Infinity":40,"s:292:27:292:Infinity":41,"s:294:12:295:Infinity":42,"b:294:12:294:Infinity:295:12:295:Infinity":14,"s:297:10:299:Infinity":43,"s:300:10:304:Infinity":44,"s:308:8:316:Infinity":45,"s:320:26:322:Infinity":46,"b:327:6:345:Infinity:undefined:undefined:undefined:undefined":15,"s:327:6:345:Infinity":47,"b:328:8:328:Infinity:329:8:329:Infinity":16,"s:331:25:331:Infinity":48,"s:333:10:334:Infinity":49,"b:333:10:333:Infinity:334:10:334:Infinity":17,"s:335:29:335:Infinity":50,"s:337:8:339:Infinity":51,"s:340:8:344:Infinity":52,"b:349:6:366:Infinity:undefined:undefined:undefined:undefined":18,"s:349:6:366:Infinity":53,"b:350:8:350:Infinity:351:8:351:Infinity:352:8:352:Infinity:353:8:353:Infinity":19,"s:356:10:356:Infinity":54,"b:357:8:365:Infinity:undefined:undefined:undefined:undefined":20,"s:357:8:365:Infinity":55,"s:358:10:364:Infinity":56,"s:368:6:368:Infinity":57,"s:371:6:375:Infinity":58,"b:373:33:373:47:373:47:373:Infinity":21,"s:377:26:379:Infinity":59,"b:382:6:400:Infinity:undefined:undefined:undefined:undefined":22,"s:382:6:400:Infinity":60,"b:383:8:383:Infinity:384:8:384:Infinity":23,"s:386:25:386:Infinity":61,"s:388:10:389:Infinity":62,"b:388:10:388:Infinity:389:10:389:Infinity":24,"s:390:29:390:Infinity":63,"s:392:8:394:Infinity":64,"s:395:8:399:Infinity":65,"s:402:6:402:Infinity":66,"f:414:9:414:Infinity":8,"b:419:2:419:Infinity:undefined:undefined:undefined:undefined":25,"s:419:2:419:Infinity":67,"s:419:35:419:Infinity":68,"s:423:19:423:Infinity":69,"b:424:2:424:Infinity:undefined:undefined:undefined:undefined":26,"s:424:2:424:Infinity":70,"s:424:52:424:Infinity":71,"s:426:2:426:Infinity":72,"f:436:9:436:24":9,"s:437:2:439:Infinity":73,"b:438:4:438:Infinity:439:4:439:Infinity":27}}}
}
